#
# A fatal error has been detected by the Java Runtime Environment:
#
#  SIGSEGV (0xb) at pc=0x000000012a9971a5, pid=59735, tid=0x000000000001301b
#
# JRE version: Java(TM) SE Runtime Environment (8.0_121-b13) (build 1.8.0_121-b13)
# Java VM: Java HotSpot(TM) 64-Bit Server VM (25.121-b13 mixed mode bsd-amd64 compressed oops)
# Problematic frame:
# C  [libopencv_core.3.1.dylib+0x1511a5]  _ZNK2cv11_InputArray4sizeEi+0x6c5
#
# Failed to write core dump. Core dumps have been disabled. To enable core dumping, try "ulimit -c unlimited" before starting Java again
#
# If you would like to submit a bug report, please visit:
#   http://bugreport.java.com/bugreport/crash.jsp
# The crash happened outside the Java Virtual Machine in native code.
# See problematic frame for where to report the bug.
#

---------------  T H R E A D  ---------------

Current thread (0x00007fa18cae0800):  JavaThread "SwingWorker-pool-1-thread-1" daemon [_thread_in_native, id=77851, stack(0x000000017d026000,0x000000017d126000)]

siginfo: si_signo: 11 (SIGSEGV), si_code: 0 (unknown), si_addr: 0x0000000000000000

Registers:
RAX=0x7000000000000000, RBX=0x000000017d125358, RCX=0x00000000004ec280, RDX=0x00000000ffffffff
RSP=0x000000017d1251a0, RBP=0x000000017d1252b0, RSI=0x000000017d125358, RDI=0x000000017d1252d8
R8 =0x0000000000000002, R9 =0x00007fa18fd00000, R10=0x0000000000000030, R11=0x00007fa18fd00000
R12=0x000000017d125350, R13=0x000000017d125358, R14=0x000000017d1252d8, R15=0x00000000ffffffff
RIP=0x000000012a9971a5, EFLAGS=0x0000000000010286, ERR=0x0000000000000000
  TRAPNO=0x000000000000000d

Top of Stack: (sp=0x000000017d1251a0)
0x000000017d1251a0:   000002600000000e 000002457d124ed0
0x000000017d1251b0:   00000001205df578 00007fa18cae0800
0x000000017d1251c0:   000000017d125208 000000017d1253e0
0x000000017d1251d0:   000000017d1251f0 000000010aa569dc
0x000000017d1251e0:   00007fa18fbc5190 00007fa18fbc5190
0x000000017d1251f0:   000000017d125210 000000010adfb882
0x000000017d125200:   000000010a833a00 0000000129029150
0x000000017d125210:   000000017d125350 000000017d125358
0x000000017d125220:   000000017d125370 00007fa18fcac0f0
0x000000017d125230:   000000017d1252b0 0000000129029ab5
0x000000017d125240:   1b19261f00000000 000000017d125268
0x000000017d125250:   000000017d125260 2c30342a00000000
0x000000017d125260:   0000000000000000 0000000000000000
0x000000017d125270:   0000000000000000 0000000000000000
0x000000017d125280:   0000000000000000 000000017d1252d8
0x000000017d125290:   000000017d125350 000000017d125358
0x000000017d1252a0:   000000017d125370 00007fa18fcac0f0
0x000000017d1252b0:   000000017d125330 000000012902befa
0x000000017d1252c0:   000000017d1252e0 3ff199999999999a
0x000000017d1252d0:   0000000000000003 0000000000000000
0x000000017d1252e0:   0000000000000000 0000000000000000
0x000000017d1252f0:   0000000000000000 0000000000000000
0x000000017d125300:   0000000000000000 00007fa18fd09890
0x000000017d125310:   0000000000000000 000000017d125678
0x000000017d125320:   000000017d1253e0 00007fa18cae09f8
0x000000017d125330:   000000017d1253a0 0000000128c45c30
0x000000017d125340:   000000017d125348 0000000000000000
0x000000017d125350:   0000000000000000 00007fff01010000
0x000000017d125360:   00007fa18fbc5830 0000000000000000
0x000000017d125370:   00007fa18dfa9230 00007fa18dfa9240
0x000000017d125380:   00007fa18dfa9430 00007fa18fbc5830
0x000000017d125390:   000000017d1253e0 00007fa18cae0800 

Instructions: (pc=0x000000012a9971a5)
0x000000012a997185:   00 48 8d bd 30 ff ff ff e8 5e 73 0b 00 48 8b 03
0x000000012a997195:   49 63 cf 48 8d 0c 89 48 c1 e1 04 48 8b 44 08 30
0x000000012a9971a5:   8b 08 8b 40 04 41 89 06 41 89 4e 04 e9 3d 01 00
0x000000012a9971b5:   00 3d 00 00 0d 00 0f 85 aa 00 00 00 48 8b 5b 08 

Register to memory mapping:

RAX=0x7000000000000000 is an unknown value
RBX=0x000000017d125358 is pointing into the stack for thread: 0x00007fa18cae0800
RCX=0x00000000004ec280 is an unknown value
RDX=0x00000000ffffffff is an unknown value
RSP=0x000000017d1251a0 is pointing into the stack for thread: 0x00007fa18cae0800
RBP=0x000000017d1252b0 is pointing into the stack for thread: 0x00007fa18cae0800
RSI=0x000000017d125358 is pointing into the stack for thread: 0x00007fa18cae0800
RDI=0x000000017d1252d8 is pointing into the stack for thread: 0x00007fa18cae0800
R8 =0x0000000000000002 is an unknown value
R9 =0x00007fa18fd00000 is an unknown value
R10=0x0000000000000030 is an unknown value
R11=0x00007fa18fd00000 is an unknown value
R12=0x000000017d125350 is pointing into the stack for thread: 0x00007fa18cae0800
R13=0x000000017d125358 is pointing into the stack for thread: 0x00007fa18cae0800
R14=0x000000017d1252d8 is pointing into the stack for thread: 0x00007fa18cae0800
R15=0x00000000ffffffff is an unknown value


Stack: [0x000000017d026000,0x000000017d126000],  sp=0x000000017d1251a0,  free space=1020k
Native frames: (J=compiled Java code, j=interpreted, Vv=VM code, C=native code)
C  [libopencv_core.3.1.dylib+0x1511a5]  _ZNK2cv11_InputArray4sizeEi+0x6c5
C  [libopencv_objdetect.3.1.dylib+0x10efa]  _ZN2cv17CascadeClassifier16detectMultiScaleERKNS_11_InputArrayERNSt3__16vectorINS_5Rect_IiEENS4_9allocatorIS7_EEEEdiiNS_5Size_IiEESD_+0xea
C  [libopencv_java310.so+0x51c30]  Java_org_opencv_objdetect_CascadeClassifier_detectMultiScale_11+0x80
J 1659  org.opencv.objdetect.CascadeClassifier.detectMultiScale_1(JJJ)V (0 bytes) @ 0x000000010bd0033d [0x000000010bd00280+0xbd]
J 1552 C1 org.opencv.demo.core.ElementsDetector.detectElements(Lorg/opencv/core/Mat;)Ljava/util/List; (528 bytes) @ 0x000000010bfa514c [0x000000010bfa4980+0x7cc]
J 1377 C1 org.opencv.demo.core.DetectorsManager.detect(Lorg/opencv/core/Mat;)Lorg/opencv/core/Mat; (326 bytes) @ 0x000000010bf0a134 [0x000000010bf09ca0+0x494]
j  org.opencv.demo.gui.swing.WebcamPanel$PanelUpdater.doInBackground()Ljava/lang/Object;+41
j  javax.swing.SwingWorker$1.call()Ljava/lang/Object;+14
j  java.util.concurrent.FutureTask.run()V+42
j  javax.swing.SwingWorker.run()V+4
j  java.util.concurrent.ThreadPoolExecutor.runWorker(Ljava/util/concurrent/ThreadPoolExecutor$Worker;)V+95
j  java.util.concurrent.ThreadPoolExecutor$Worker.run()V+5
j  java.lang.Thread.run()V+11
v  ~StubRoutines::call_stub
V  [libjvm.dylib+0x2ed9d6]
V  [libjvm.dylib+0x2ee164]
V  [libjvm.dylib+0x2ee310]
V  [libjvm.dylib+0x348a5d]
V  [libjvm.dylib+0x56ab0f]
V  [libjvm.dylib+0x56c1fc]
V  [libjvm.dylib+0x48a5b2]
C  [libsystem_pthread.dylib+0x405a]  _pthread_body+0x83
C  [libsystem_pthread.dylib+0x3fd7]  _pthread_body+0x0
C  [libsystem_pthread.dylib+0x13ed]  thread_start+0xd
C  0x0000000000000000

Java frames: (J=compiled Java code, j=interpreted, Vv=VM code)
J 1659  org.opencv.objdetect.CascadeClassifier.detectMultiScale_1(JJJ)V (0 bytes) @ 0x000000010bd002c7 [0x000000010bd00280+0x47]
J 1552 C1 org.opencv.demo.core.ElementsDetector.detectElements(Lorg/opencv/core/Mat;)Ljava/util/List; (528 bytes) @ 0x000000010bfa514c [0x000000010bfa4980+0x7cc]
J 1377 C1 org.opencv.demo.core.DetectorsManager.detect(Lorg/opencv/core/Mat;)Lorg/opencv/core/Mat; (326 bytes) @ 0x000000010bf0a134 [0x000000010bf09ca0+0x494]
j  org.opencv.demo.gui.swing.WebcamPanel$PanelUpdater.doInBackground()Ljava/lang/Object;+41
j  javax.swing.SwingWorker$1.call()Ljava/lang/Object;+14
j  java.util.concurrent.FutureTask.run()V+42
j  javax.swing.SwingWorker.run()V+4
j  java.util.concurrent.ThreadPoolExecutor.runWorker(Ljava/util/concurrent/ThreadPoolExecutor$Worker;)V+95
j  java.util.concurrent.ThreadPoolExecutor$Worker.run()V+5
j  java.lang.Thread.run()V+11
v  ~StubRoutines::call_stub

---------------  P R O C E S S  ---------------

Java Threads: ( => current thread )
  0x00007fa18c5ed000 JavaThread "SwingWorker-pool-1-thread-2" daemon [_thread_blocked, id=84259, stack(0x000000012e215000,0x000000012e315000)]
  0x00007fa18d297000 JavaThread "DestroyJavaVM" [_thread_blocked, id=3331, stack(0x000000010b8b7000,0x000000010b9b7000)]
  0x00007fa18c45e000 JavaThread "AWT-EventQueue-0" [_thread_blocked, id=80135, stack(0x000000017d2c3000,0x000000017d3c3000)]
  0x00007fa18b999000 JavaThread "TimerQueue" daemon [_thread_blocked, id=78595, stack(0x000000017d129000,0x000000017d229000)]
=>0x00007fa18cae0800 JavaThread "SwingWorker-pool-1-thread-1" daemon [_thread_in_native, id=77851, stack(0x000000017d026000,0x000000017d126000)]
  0x00007fa18c45b800 JavaThread "AWT-Shutdown" [_thread_blocked, id=72715, stack(0x0000000125e2d000,0x0000000125f2d000)]
  0x00007fa18d21f000 JavaThread "Java2D Disposer" daemon [_thread_blocked, id=51223, stack(0x000000012d967000,0x000000012da67000)]
  0x00007fa18c26b000 JavaThread "Java2D Queue Flusher" daemon [_thread_blocked, id=48911, stack(0x000000012c8d8000,0x000000012c9d8000)]
  0x00007fa18c8a5800 JavaThread "AppKit Thread" daemon [_thread_in_native, id=1811, stack(0x00007fff54beb000,0x00007fff553eb000)]
  0x00007fa18c09d800 JavaThread "Service Thread" daemon [_thread_blocked, id=18691, stack(0x000000012427c000,0x000000012437c000)]
  0x00007fa18d038800 JavaThread "C1 CompilerThread2" daemon [_thread_blocked, id=18179, stack(0x0000000124179000,0x0000000124279000)]
  0x00007fa18c857000 JavaThread "C2 CompilerThread1" daemon [_thread_blocked, id=17667, stack(0x0000000124076000,0x0000000124176000)]
  0x00007fa18c075000 JavaThread "C2 CompilerThread0" daemon [_thread_blocked, id=17155, stack(0x0000000123f73000,0x0000000124073000)]
  0x00007fa18c079000 JavaThread "Monitor Ctrl-Break" daemon [_thread_in_native, id=16643, stack(0x0000000123e11000,0x0000000123f11000)]
  0x00007fa18c811000 JavaThread "Signal Dispatcher" daemon [_thread_blocked, id=13847, stack(0x0000000123bee000,0x0000000123cee000)]
  0x00007fa18c80d800 JavaThread "Finalizer" daemon [_thread_blocked, id=11011, stack(0x00000001221e8000,0x00000001222e8000)]
  0x00007fa18c012000 JavaThread "Reference Handler" daemon [_thread_blocked, id=10499, stack(0x00000001220e5000,0x00000001221e5000)]

Other Threads:
  0x00007fa18b808000 VMThread [stack: 0x0000000121fe2000,0x00000001220e2000] [id=9987]
  0x00007fa18d004800 WatcherThread [stack: 0x000000012437f000,0x000000012447f000] [id=19203]

VM state:not at safepoint (normal execution)

VM Mutex/Monitor currently owned by a thread: None

Heap:
 PSYoungGen      total 29696K, used 2945K [0x0000000795580000, 0x0000000797a80000, 0x00000007c0000000)
  eden space 26624K, 0% used [0x0000000795580000,0x00000007955b6ff8,0x0000000796f80000)
  from space 3072K, 88% used [0x0000000797000000,0x00000007972a9608,0x0000000797300000)
  to   space 5632K, 0% used [0x0000000797500000,0x0000000797500000,0x0000000797a80000)
 ParOldGen       total 87552K, used 11787K [0x0000000740000000, 0x0000000745580000, 0x0000000795580000)
  object space 87552K, 13% used [0x0000000740000000,0x0000000740b82d40,0x0000000745580000)
 Metaspace       used 15686K, capacity 15986K, committed 16256K, reserved 1062912K
  class space    used 1974K, capacity 2059K, committed 2176K, reserved 1048576K

Card table byte_map: [0x000000011b800000,0x000000011bc01000] byte_map_base: 0x0000000117e00000

Marking Bits: (ParMarkBitMap*) 0x000000010b204d30
 Begin Bits: [0x000000011c1b5000, 0x000000011e1b5000)
 End Bits:   [0x000000011e1b5000, 0x00000001201b5000)

Polling page: 0x000000010b9fc000

CodeCache: size=245760Kb used=6205Kb max_used=6218Kb free=239554Kb
 bounds [0x000000010ba64000, 0x000000010c084000, 0x000000011aa64000]
 total_blobs=2606 nmethods=1855 adapters=663
 compilation: enabled

Compilation events (10 events):
Event: 70.366 Thread 0x00007fa18d038800 1966       1       java.awt.WaitDispatchSupport::access$300 (5 bytes)
Event: 70.367 Thread 0x00007fa18d038800 nmethod 1966 0x000000010bce9390 code [0x000000010bce94e0, 0x000000010bce95d0]
Event: 70.389 Thread 0x00007fa18d038800 1967       3       sun.java2d.opengl.CGLSurfaceData$CGLOffScreenSurfaceData::getBounds (50 bytes)
Event: 70.390 Thread 0x00007fa18d038800 nmethod 1967 0x000000010c078890 code [0x000000010c078a80, 0x000000010c079568]
Event: 70.435 Thread 0x00007fa18d038800 1968       3       sun.lwawt.LWCursorManager::findComponent (114 bytes)
Event: 70.436 Thread 0x00007fa18d038800 nmethod 1968 0x000000010bbf9ed0 code [0x000000010bbfa140, 0x000000010bbfb1f8]
Event: 70.458 Thread 0x00007fa18c857000 1969       4       java.lang.ref.ReferenceQueue::remove (6 bytes)
Event: 70.458 Thread 0x00007fa18c075000 1970   !   4       java.lang.ref.ReferenceQueue::remove (125 bytes)
Event: 70.465 Thread 0x00007fa18c857000 nmethod 1969 0x000000010bd09150 code [0x000000010bd092e0, 0x000000010bd098b0]
Event: 70.467 Thread 0x00007fa18c075000 nmethod 1970 0x000000010c07acd0 code [0x000000010c07ae60, 0x000000010c07b590]

GC Heap History (10 events):
Event: 56.480 GC heap before
{Heap before GC invocations=13 (full 0):
 PSYoungGen      total 34304K, used 30940K [0x0000000795580000, 0x0000000797d00000, 0x00000007c0000000)
  eden space 29184K, 99% used [0x0000000795580000,0x00000007971c89a8,0x0000000797200000)
  from space 5120K, 38% used [0x0000000797800000,0x00000007979ee848,0x0000000797d00000)
  to   space 5632K, 0% used [0x0000000797200000,0x0000000797200000,0x0000000797780000)
 ParOldGen       total 87552K, used 7885K [0x0000000740000000, 0x0000000745580000, 0x0000000795580000)
  object space 87552K, 9% used [0x0000000740000000,0x00000007407b3488,0x0000000745580000)
 Metaspace       used 14921K, capacity 15244K, committed 15616K, reserved 1062912K
  class space    used 1878K, capacity 1962K, committed 2048K, reserved 1048576K
Event: 56.485 GC heap after
Heap after GC invocations=13 (full 0):
 PSYoungGen      total 30208K, used 1281K [0x0000000795580000, 0x0000000797c80000, 0x00000007c0000000)
  eden space 28672K, 0% used [0x0000000795580000,0x0000000795580000,0x0000000797180000)
  from space 1536K, 83% used [0x0000000797200000,0x0000000797340758,0x0000000797380000)
  to   space 5632K, 0% used [0x0000000797700000,0x0000000797700000,0x0000000797c80000)
 ParOldGen       total 87552K, used 8581K [0x0000000740000000, 0x0000000745580000, 0x0000000795580000)
  object space 87552K, 9% used [0x0000000740000000,0x00000007408615f8,0x0000000745580000)
 Metaspace       used 14921K, capacity 15244K, committed 15616K, reserved 1062912K
  class space    used 1878K, capacity 1962K, committed 2048K, reserved 1048576K
}
Event: 60.395 GC heap before
{Heap before GC invocations=14 (full 0):
 PSYoungGen      total 30208K, used 29661K [0x0000000795580000, 0x0000000797c80000, 0x00000007c0000000)
  eden space 28672K, 98% used [0x0000000795580000,0x0000000797137070,0x0000000797180000)
  from space 1536K, 83% used [0x0000000797200000,0x0000000797340758,0x0000000797380000)
  to   space 5632K, 0% used [0x0000000797700000,0x0000000797700000,0x0000000797c80000)
 ParOldGen       total 87552K, used 8581K [0x0000000740000000, 0x0000000745580000, 0x0000000795580000)
  object space 87552K, 9% used [0x0000000740000000,0x00000007408615f8,0x0000000745580000)
 Metaspace       used 14934K, capacity 15244K, committed 15616K, reserved 1062912K
  class space    used 1879K, capacity 1962K, committed 2048K, reserved 1048576K
Event: 60.397 GC heap after
Heap after GC invocations=14 (full 0):
 PSYoungGen      total 33792K, used 425K [0x0000000795580000, 0x0000000797d00000, 0x00000007c0000000)
  eden space 28160K, 0% used [0x0000000795580000,0x0000000795580000,0x0000000797100000)
  from space 5632K, 7% used [0x0000000797700000,0x000000079776a410,0x0000000797c80000)
  to   space 6144K, 0% used [0x0000000797100000,0x0000000797100000,0x0000000797700000)
 ParOldGen       total 87552K, used 9133K [0x0000000740000000, 0x0000000745580000, 0x0000000795580000)
  object space 87552K, 10% used [0x0000000740000000,0x00000007408eb720,0x0000000745580000)
 Metaspace       used 14934K, capacity 15244K, committed 15616K, reserved 1062912K
  class space    used 1879K, capacity 1962K, committed 2048K, reserved 1048576K
}
Event: 64.059 GC heap before
{Heap before GC invocations=15 (full 0):
 PSYoungGen      total 33792K, used 28488K [0x0000000795580000, 0x0000000797d00000, 0x00000007c0000000)
  eden space 28160K, 99% used [0x0000000795580000,0x00000007970e7c18,0x0000000797100000)
  from space 5632K, 7% used [0x0000000797700000,0x000000079776a410,0x0000000797c80000)
  to   space 6144K, 0% used [0x0000000797100000,0x0000000797100000,0x0000000797700000)
 ParOldGen       total 87552K, used 9133K [0x0000000740000000, 0x0000000745580000, 0x0000000795580000)
  object space 87552K, 10% used [0x0000000740000000,0x00000007408eb720,0x0000000745580000)
 Metaspace       used 14947K, capacity 15244K, committed 15616K, reserved 1062912K
  class space    used 1879K, capacity 1962K, committed 2048K, reserved 1048576K
Event: 64.060 GC heap after
Heap after GC invocations=15 (full 0):
 PSYoungGen      total 29696K, used 1581K [0x0000000795580000, 0x0000000797b80000, 0x00000007c0000000)
  eden space 27648K, 0% used [0x0000000795580000,0x0000000795580000,0x0000000797080000)
  from space 2048K, 77% used [0x0000000797100000,0x000000079728b4c0,0x0000000797300000)
  to   space 5632K, 0% used [0x0000000797600000,0x0000000797600000,0x0000000797b80000)
 ParOldGen       total 87552K, used 9173K [0x0000000740000000, 0x0000000745580000, 0x0000000795580000)
  object space 87552K, 10% used [0x0000000740000000,0x00000007408f5720,0x0000000745580000)
 Metaspace       used 14947K, capacity 15244K, committed 15616K, reserved 1062912K
  class space    used 1879K, capacity 1962K, committed 2048K, reserved 1048576K
}
Event: 67.562 GC heap before
{Heap before GC invocations=16 (full 0):
 PSYoungGen      total 29696K, used 29019K [0x0000000795580000, 0x0000000797b80000, 0x00000007c0000000)
  eden space 27648K, 99% used [0x0000000795580000,0x000000079704b790,0x0000000797080000)
  from space 2048K, 77% used [0x0000000797100000,0x000000079728b4c0,0x0000000797300000)
  to   space 5632K, 0% used [0x0000000797600000,0x0000000797600000,0x0000000797b80000)
 ParOldGen       total 87552K, used 9173K [0x0000000740000000, 0x0000000745580000, 0x0000000795580000)
  object space 87552K, 10% used [0x0000000740000000,0x00000007408f5720,0x0000000745580000)
 Metaspace       used 14963K, capacity 15308K, committed 15616K, reserved 1062912K
  class space    used 1879K, capacity 1962K, committed 2048K, reserved 1048576K
Event: 67.565 GC heap after
Heap after GC invocations=16 (full 0):
 PSYoungGen      total 32256K, used 1801K [0x0000000795580000, 0x0000000797b00000, 0x00000007c0000000)
  eden space 27136K, 0% used [0x0000000795580000,0x0000000795580000,0x0000000797000000)
  from space 5120K, 35% used [0x0000000797600000,0x00000007977c27f0,0x0000000797b00000)
  to   space 5632K, 0% used [0x0000000797000000,0x0000000797000000,0x0000000797580000)
 ParOldGen       total 87552K, used 10405K [0x0000000740000000, 0x0000000745580000, 0x0000000795580000)
  object space 87552K, 11% used [0x0000000740000000,0x0000000740a29460,0x0000000745580000)
 Metaspace       used 14963K, capacity 15308K, committed 15616K, reserved 1062912K
  class space    used 1879K, capacity 1962K, committed 2048K, reserved 1048576K
}
Event: 70.454 GC heap before
{Heap before GC invocations=17 (full 0):
 PSYoungGen      total 32256K, used 28935K [0x0000000795580000, 0x0000000797b00000, 0x00000007c0000000)
  eden space 27136K, 99% used [0x0000000795580000,0x0000000796fff738,0x0000000797000000)
  from space 5120K, 35% used [0x0000000797600000,0x00000007977c27f0,0x0000000797b00000)
  to   space 5632K, 0% used [0x0000000797000000,0x0000000797000000,0x0000000797580000)
 ParOldGen       total 87552K, used 10405K [0x0000000740000000, 0x0000000745580000, 0x0000000795580000)
  object space 87552K, 11% used [0x0000000740000000,0x0000000740a29460,0x0000000745580000)
 Metaspace       used 15686K, capacity 15986K, committed 16256K, reserved 1062912K
  class space    used 1974K, capacity 2059K, committed 2176K, reserved 1048576K
Event: 70.456 GC heap after
Heap after GC invocations=17 (full 0):
 PSYoungGen      total 29696K, used 2725K [0x0000000795580000, 0x0000000797a80000, 0x00000007c0000000)
  eden space 26624K, 0% used [0x0000000795580000,0x0000000795580000,0x0000000796f80000)
  from space 3072K, 88% used [0x0000000797000000,0x00000007972a9608,0x0000000797300000)
  to   space 5632K, 0% used [0x0000000797500000,0x0000000797500000,0x0000000797a80000)
 ParOldGen       total 87552K, used 11787K [0x0000000740000000, 0x0000000745580000, 0x0000000795580000)
  object space 87552K, 13% used [0x0000000740000000,0x0000000740b82d40,0x0000000745580000)
 Metaspace       used 15686K, capacity 15986K, committed 16256K, reserved 1062912K
  class space    used 1974K, capacity 2059K, committed 2176K, reserved 1048576K
}

Deoptimization events (10 events):
Event: 4.684 Thread 0x00007fa18c006000 Uncommon trap: reason=class_check action=maybe_recompile pc=0x000000010bbd8c9c method=java.lang.String.equals(Ljava/lang/Object;)Z @ 8
Event: 4.684 Thread 0x00007fa18c006000 Uncommon trap: reason=class_check action=maybe_recompile pc=0x000000010bbd8c9c method=java.lang.String.equals(Ljava/lang/Object;)Z @ 8
Event: 4.684 Thread 0x00007fa18c006000 Uncommon trap: reason=class_check action=maybe_recompile pc=0x000000010bbd8c9c method=java.lang.String.equals(Ljava/lang/Object;)Z @ 8
Event: 4.854 Thread 0x00007fa18c45e000 Uncommon trap: reason=unstable_if action=reinterpret pc=0x000000010bc896a0 method=java.lang.CharacterData.of(I)Ljava/lang/CharacterData; @ 4
Event: 26.471 Thread 0x00007fa18c45e000 Uncommon trap: reason=unstable_if action=reinterpret pc=0x000000010bdb23f0 method=java.awt.Component.inside(II)Z @ 1
Event: 28.295 Thread 0x00007fa18c45e000 Uncommon trap: reason=unstable_if action=reinterpret pc=0x000000010bf4511c method=java.awt.Container.findComponentAtImpl(IIZ)Ljava/awt/Component; @ 24
Event: 39.340 Thread 0x00007fa18c45e000 Uncommon trap: reason=unstable_if action=reinterpret pc=0x000000010bb8fafc method=javax.swing.SwingUtilities.computeIntersection(IIIILjava/awt/Rectangle;)Ljava/awt/Rectangle; @ 34
Event: 48.311 Thread 0x00007fa18c45e000 Uncommon trap: reason=unstable_if action=reinterpret pc=0x000000010bce9224 method=java.io.BufferedInputStream.read()I @ 8
Event: 48.333 Thread 0x00007fa18c45e000 Uncommon trap: reason=unstable_if action=reinterpret pc=0x000000010bfd0478 method=sun.java2d.SunGraphics2D.validateColor()V @ 28
Event: 48.400 Thread 0x00007fa18c8a5800 Uncommon trap: reason=unstable_if action=reinterpret pc=0x000000010bfe3250 method=java.util.HashMap.putVal(ILjava/lang/Object;Ljava/lang/Object;ZZ)Ljava/lang/Object; @ 81

Internal exceptions (10 events):
Event: 0.420 Thread 0x00007fa18c006000 Exception <a 'java/lang/NoSuchFieldError': method resolution failed> (0x0000000795a0dc78) thrown at [/Users/java_re/workspace/8-2-build-macosx-x86_64/jdk8u121/8372/hotspot/src/share/vm/prims/methodHandles.cpp, line 1146]
Event: 0.422 Thread 0x00007fa18c006000 Exception <a 'java/lang/NoSuchFieldError': method resolution failed> (0x0000000795a1bed0) thrown at [/Users/java_re/workspace/8-2-build-macosx-x86_64/jdk8u121/8372/hotspot/src/share/vm/prims/methodHandles.cpp, line 1146]
Event: 0.753 Thread 0x00007fa18c006000 Exception <a 'java/io/FileNotFoundException'> (0x0000000795abd950) thrown at [/Users/java_re/workspace/8-2-build-macosx-x86_64/jdk8u121/8372/hotspot/src/share/vm/prims/jni.cpp, line 709]
Event: 0.753 Thread 0x00007fa18c006000 Exception <a 'java/io/FileNotFoundException'> (0x0000000795abe4b8) thrown at [/Users/java_re/workspace/8-2-build-macosx-x86_64/jdk8u121/8372/hotspot/src/share/vm/prims/jni.cpp, line 709]
Event: 6.386 Thread 0x00007fa18c80d800 Exception <a 'java/lang/NullPointerException'> (0x000000079573b4d8) thrown at [/Users/java_re/workspace/8-2-build-macosx-x86_64/jdk8u121/8372/hotspot/src/share/vm/interpreter/linkResolver.cpp, line 1178]
Event: 10.471 Thread 0x00007fa18c80d800 Exception <a 'java/lang/NullPointerException'> (0x0000000795683c80) thrown at [/Users/java_re/workspace/8-2-build-macosx-x86_64/jdk8u121/8372/hotspot/src/share/vm/interpreter/linkResolver.cpp, line 1178]
Event: 10.471 Thread 0x00007fa18c80d800 Exception <a 'java/lang/NullPointerException'> (0x0000000795683e88) thrown at [/Users/java_re/workspace/8-2-build-macosx-x86_64/jdk8u121/8372/hotspot/src/share/vm/interpreter/linkResolver.cpp, line 1178]
Event: 28.164 Thread 0x00007fa18c80d800 Exception <a 'java/lang/NullPointerException'> (0x000000079566d820) thrown at [/Users/java_re/workspace/8-2-build-macosx-x86_64/jdk8u121/8372/hotspot/src/share/vm/interpreter/linkResolver.cpp, line 1178]
Event: 28.164 Thread 0x00007fa18c80d800 Exception <a 'java/lang/NullPointerException'> (0x000000079566da28) thrown at [/Users/java_re/workspace/8-2-build-macosx-x86_64/jdk8u121/8372/hotspot/src/share/vm/interpreter/linkResolver.cpp, line 1178]
Event: 70.457 Thread 0x00007fa18c80d800 Exception <a 'java/lang/NullPointerException'> (0x000000079559a4d0) thrown at [/Users/java_re/workspace/8-2-build-macosx-x86_64/jdk8u121/8372/hotspot/src/share/vm/interpreter/linkResolver.cpp, line 1178]

Events (10 events):
Event: 70.462 Executing VM operation: RevokeBias
Event: 70.462 Executing VM operation: RevokeBias done
Event: 70.462 Executing VM operation: RevokeBias
Event: 70.463 Executing VM operation: RevokeBias done
Event: 70.463 Executing VM operation: RevokeBias
Event: 70.463 Executing VM operation: RevokeBias done
Event: 70.463 Executing VM operation: BulkRevokeBias
Event: 70.463 Executing VM operation: BulkRevokeBias done
Event: 70.463 Executing VM operation: BulkRevokeBias
Event: 70.463 Executing VM operation: BulkRevokeBias done


Dynamic libraries:
0x0000000004656000 	/System/Library/Frameworks/Cocoa.framework/Versions/A/Cocoa
0x0000000004656000 	/System/Library/Frameworks/Security.framework/Versions/A/Security
0x0000000004656000 	/System/Library/Frameworks/ApplicationServices.framework/Versions/A/ApplicationServices
0x0000000004656000 	/usr/lib/libz.1.dylib
0x0000000004656000 	/usr/lib/libSystem.B.dylib
0x0000000004656000 	/usr/lib/libobjc.A.dylib
0x0000000004656000 	/System/Library/Frameworks/CoreFoundation.framework/Versions/A/CoreFoundation
0x0000000004656000 	/System/Library/Frameworks/Foundation.framework/Versions/C/Foundation
0x0000000004656000 	/System/Library/Frameworks/AppKit.framework/Versions/C/AppKit
0x0000000004656000 	/System/Library/Frameworks/CoreData.framework/Versions/A/CoreData
0x0000000004656000 	/System/Library/PrivateFrameworks/RemoteViewServices.framework/Versions/A/RemoteViewServices
0x0000000004656000 	/System/Library/PrivateFrameworks/UIFoundation.framework/Versions/A/UIFoundation
0x0000000004656000 	/System/Library/Frameworks/IOSurface.framework/Versions/A/IOSurface
0x0000000004656000 	/System/Library/Frameworks/AudioToolbox.framework/Versions/A/AudioToolbox
0x0000000004656000 	/System/Library/Frameworks/AudioUnit.framework/Versions/A/AudioUnit
0x0000000004656000 	/System/Library/PrivateFrameworks/DataDetectorsCore.framework/Versions/A/DataDetectorsCore
0x0000000004656000 	/System/Library/PrivateFrameworks/DesktopServicesPriv.framework/Versions/A/DesktopServicesPriv
0x0000000004656000 	/System/Library/Frameworks/Carbon.framework/Versions/A/Frameworks/HIToolbox.framework/Versions/A/HIToolbox
0x0000000004656000 	/System/Library/Frameworks/QuartzCore.framework/Versions/A/QuartzCore
0x0000000004656000 	/System/Library/Frameworks/Carbon.framework/Versions/A/Frameworks/SpeechRecognition.framework/Versions/A/SpeechRecognition
0x0000000004656000 	/usr/lib/libauto.dylib
0x0000000004656000 	/usr/lib/libicucore.A.dylib
0x0000000004656000 	/usr/lib/libxml2.2.dylib
0x0000000004656000 	/System/Library/PrivateFrameworks/CoreUI.framework/Versions/A/CoreUI
0x0000000004656000 	/System/Library/Frameworks/CoreAudio.framework/Versions/A/CoreAudio
0x0000000004656000 	/System/Library/Frameworks/DiskArbitration.framework/Versions/A/DiskArbitration
0x0000000004656000 	/usr/lib/liblangid.dylib
0x0000000004656000 	/System/Library/PrivateFrameworks/MultitouchSupport.framework/Versions/A/MultitouchSupport
0x0000000004656000 	/System/Library/Frameworks/IOKit.framework/Versions/A/IOKit
0x0000000004656000 	/usr/lib/libDiagnosticMessagesClient.dylib
0x0000000004656000 	/System/Library/Frameworks/CoreServices.framework/Versions/A/CoreServices
0x0000000004656000 	/System/Library/PrivateFrameworks/PerformanceAnalysis.framework/Versions/A/PerformanceAnalysis
0x0000000004656000 	/System/Library/PrivateFrameworks/GenerationalStorage.framework/Versions/A/GenerationalStorage
0x0000000004656000 	/System/Library/Frameworks/OpenGL.framework/Versions/A/OpenGL
0x0000000004656000 	/System/Library/PrivateFrameworks/Sharing.framework/Versions/A/Sharing
0x0000000004656000 	/System/Library/Frameworks/CoreGraphics.framework/Versions/A/CoreGraphics
0x0000000004656000 	/System/Library/Frameworks/CoreText.framework/Versions/A/CoreText
0x0000000004656000 	/System/Library/Frameworks/ImageIO.framework/Versions/A/ImageIO
0x0000000004656000 	/usr/lib/libextension.dylib
0x0000000004656000 	/System/Library/PrivateFrameworks/Backup.framework/Versions/A/Backup
0x0000000004656000 	/usr/lib/libarchive.2.dylib
0x0000000004656000 	/System/Library/Frameworks/CFNetwork.framework/Versions/A/CFNetwork
0x0000000004656000 	/System/Library/Frameworks/SystemConfiguration.framework/Versions/A/SystemConfiguration
0x0000000004656000 	/usr/lib/libCRFSuite.dylib
0x0000000004656000 	/usr/lib/libc++.1.dylib
0x0000000004656000 	/usr/lib/libc++abi.dylib
0x0000000004656000 	/usr/lib/system/libcache.dylib
0x0000000004656000 	/usr/lib/system/libcommonCrypto.dylib
0x0000000004656000 	/usr/lib/system/libcompiler_rt.dylib
0x0000000004656000 	/usr/lib/system/libcopyfile.dylib
0x0000000004656000 	/usr/lib/system/libcorecrypto.dylib
0x0000000004656000 	/usr/lib/system/libdispatch.dylib
0x0000000004656000 	/usr/lib/system/libdyld.dylib
0x0000000004656000 	/usr/lib/system/libkeymgr.dylib
0x0000000004656000 	/usr/lib/system/liblaunch.dylib
0x0000000004656000 	/usr/lib/system/libmacho.dylib
0x0000000004656000 	/usr/lib/system/libquarantine.dylib
0x0000000004656000 	/usr/lib/system/libremovefile.dylib
0x0000000004656000 	/usr/lib/system/libsystem_asl.dylib
0x0000000004656000 	/usr/lib/system/libsystem_blocks.dylib
0x0000000004656000 	/usr/lib/system/libsystem_c.dylib
0x0000000004656000 	/usr/lib/system/libsystem_configuration.dylib
0x0000000004656000 	/usr/lib/system/libsystem_coreservices.dylib
0x0000000004656000 	/usr/lib/system/libsystem_coretls.dylib
0x0000000004656000 	/usr/lib/system/libsystem_dnssd.dylib
0x0000000004656000 	/usr/lib/system/libsystem_info.dylib
0x0000000004656000 	/usr/lib/system/libsystem_kernel.dylib
0x0000000004656000 	/usr/lib/system/libsystem_m.dylib
0x0000000004656000 	/usr/lib/system/libsystem_malloc.dylib
0x0000000004656000 	/usr/lib/system/libsystem_network.dylib
0x0000000004656000 	/usr/lib/system/libsystem_networkextension.dylib
0x0000000004656000 	/usr/lib/system/libsystem_notify.dylib
0x0000000004656000 	/usr/lib/system/libsystem_platform.dylib
0x0000000004656000 	/usr/lib/system/libsystem_pthread.dylib
0x0000000004656000 	/usr/lib/system/libsystem_sandbox.dylib
0x0000000004656000 	/usr/lib/system/libsystem_secinit.dylib
0x0000000004656000 	/usr/lib/system/libsystem_stats.dylib
0x0000000004656000 	/usr/lib/system/libsystem_trace.dylib
0x0000000004656000 	/usr/lib/system/libunc.dylib
0x0000000004656000 	/usr/lib/system/libunwind.dylib
0x0000000004656000 	/usr/lib/system/libxpc.dylib
0x0000000004656000 	/usr/lib/libbz2.1.0.dylib
0x0000000004656000 	/usr/lib/liblzma.5.dylib
0x0000000004656000 	/usr/lib/libbsm.0.dylib
0x0000000004656000 	/usr/lib/libsqlite3.dylib
0x0000000004656000 	/usr/lib/system/libkxld.dylib
0x0000000004656000 	/usr/lib/libxar.1.dylib
0x0000000004656000 	/usr/lib/libpam.2.dylib
0x0000000004656000 	/usr/lib/libOpenScriptingUtil.dylib
0x0000000004656000 	/System/Library/Frameworks/CoreServices.framework/Versions/A/Frameworks/FSEvents.framework/Versions/A/FSEvents
0x0000000004656000 	/System/Library/Frameworks/CoreServices.framework/Versions/A/Frameworks/CarbonCore.framework/Versions/A/CarbonCore
0x0000000004656000 	/System/Library/Frameworks/CoreServices.framework/Versions/A/Frameworks/Metadata.framework/Versions/A/Metadata
0x0000000004656000 	/System/Library/Frameworks/CoreServices.framework/Versions/A/Frameworks/OSServices.framework/Versions/A/OSServices
0x0000000004656000 	/System/Library/Frameworks/CoreServices.framework/Versions/A/Frameworks/SearchKit.framework/Versions/A/SearchKit
0x0000000004656000 	/System/Library/Frameworks/CoreServices.framework/Versions/A/Frameworks/AE.framework/Versions/A/AE
0x0000000004656000 	/System/Library/Frameworks/CoreServices.framework/Versions/A/Frameworks/LaunchServices.framework/Versions/A/LaunchServices
0x0000000004656000 	/System/Library/Frameworks/CoreServices.framework/Versions/A/Frameworks/DictionaryServices.framework/Versions/A/DictionaryServices
0x0000000004656000 	/System/Library/Frameworks/NetFS.framework/Versions/A/NetFS
0x0000000004656000 	/System/Library/PrivateFrameworks/NetAuth.framework/Versions/A/NetAuth
0x0000000004656000 	/System/Library/PrivateFrameworks/login.framework/Versions/A/Frameworks/loginsupport.framework/Versions/A/loginsupport
0x0000000004656000 	/System/Library/PrivateFrameworks/TCC.framework/Versions/A/TCC
0x0000000004656000 	/usr/lib/libmecabra.dylib
0x0000000004656000 	/System/Library/Frameworks/ApplicationServices.framework/Versions/A/Frameworks/ATS.framework/Versions/A/ATS
0x0000000004656000 	/System/Library/Frameworks/ApplicationServices.framework/Versions/A/Frameworks/ColorSync.framework/Versions/A/ColorSync
0x0000000004656000 	/System/Library/Frameworks/ApplicationServices.framework/Versions/A/Frameworks/HIServices.framework/Versions/A/HIServices
0x0000000004656000 	/System/Library/Frameworks/ApplicationServices.framework/Versions/A/Frameworks/LangAnalysis.framework/Versions/A/LangAnalysis
0x0000000004656000 	/System/Library/Frameworks/ApplicationServices.framework/Versions/A/Frameworks/PrintCore.framework/Versions/A/PrintCore
0x0000000004656000 	/System/Library/Frameworks/ApplicationServices.framework/Versions/A/Frameworks/QD.framework/Versions/A/QD
0x0000000004656000 	/System/Library/Frameworks/ApplicationServices.framework/Versions/A/Frameworks/SpeechSynthesis.framework/Versions/A/SpeechSynthesis
0x0000000004656000 	/System/Library/Frameworks/Accelerate.framework/Versions/A/Accelerate
0x0000000004656000 	/System/Library/Frameworks/Accelerate.framework/Versions/A/Frameworks/vImage.framework/Versions/A/vImage
0x0000000004656000 	/System/Library/Frameworks/Accelerate.framework/Versions/A/Frameworks/vecLib.framework/Versions/A/vecLib
0x0000000004656000 	/System/Library/Frameworks/Accelerate.framework/Versions/A/Frameworks/vecLib.framework/Versions/A/libvDSP.dylib
0x0000000004656000 	/System/Library/Frameworks/Accelerate.framework/Versions/A/Frameworks/vecLib.framework/Versions/A/libvMisc.dylib
0x0000000004656000 	/System/Library/Frameworks/Accelerate.framework/Versions/A/Frameworks/vecLib.framework/Versions/A/libLAPACK.dylib
0x0000000004656000 	/System/Library/Frameworks/Accelerate.framework/Versions/A/Frameworks/vecLib.framework/Versions/A/libBLAS.dylib
0x0000000004656000 	/System/Library/Frameworks/Accelerate.framework/Versions/A/Frameworks/vecLib.framework/Versions/A/libLinearAlgebra.dylib
0x0000000004656000 	/System/Library/Frameworks/ApplicationServices.framework/Versions/A/Frameworks/ATS.framework/Versions/A/Resources/libFontParser.dylib
0x0000000004656000 	/System/Library/Frameworks/ApplicationServices.framework/Versions/A/Frameworks/ATS.framework/Versions/A/Resources/libFontRegistry.dylib
0x0000000004656000 	/System/Library/PrivateFrameworks/AppleVPA.framework/Versions/A/AppleVPA
0x0000000004656000 	/System/Library/PrivateFrameworks/AppleJPEG.framework/Versions/A/AppleJPEG
0x0000000004656000 	/System/Library/Frameworks/ImageIO.framework/Versions/A/Resources/libJPEG.dylib
0x0000000004656000 	/System/Library/Frameworks/ImageIO.framework/Versions/A/Resources/libTIFF.dylib
0x0000000004656000 	/System/Library/Frameworks/ImageIO.framework/Versions/A/Resources/libPng.dylib
0x0000000004656000 	/System/Library/Frameworks/ImageIO.framework/Versions/A/Resources/libGIF.dylib
0x0000000004656000 	/System/Library/Frameworks/ImageIO.framework/Versions/A/Resources/libJP2.dylib
0x0000000004656000 	/System/Library/Frameworks/ImageIO.framework/Versions/A/Resources/libRadiance.dylib
0x0000000004656000 	/System/Library/Frameworks/CoreVideo.framework/Versions/A/CoreVideo
0x0000000004656000 	/System/Library/Frameworks/OpenGL.framework/Versions/A/Libraries/libGLU.dylib
0x0000000004656000 	/System/Library/Frameworks/OpenGL.framework/Versions/A/Libraries/libGFXShared.dylib
0x0000000004656000 	/System/Library/Frameworks/OpenGL.framework/Versions/A/Libraries/libGL.dylib
0x0000000004656000 	/System/Library/Frameworks/OpenGL.framework/Versions/A/Libraries/libGLImage.dylib
0x0000000004656000 	/System/Library/Frameworks/OpenGL.framework/Versions/A/Libraries/libCVMSPluginSupport.dylib
0x0000000004656000 	/System/Library/Frameworks/OpenGL.framework/Versions/A/Libraries/libCoreVMClient.dylib
0x0000000004656000 	/usr/lib/libcups.2.dylib
0x0000000004656000 	/System/Library/Frameworks/Kerberos.framework/Versions/A/Kerberos
0x0000000004656000 	/System/Library/Frameworks/GSS.framework/Versions/A/GSS
0x0000000004656000 	/usr/lib/libresolv.9.dylib
0x0000000004656000 	/usr/lib/libiconv.2.dylib
0x0000000004656000 	/System/Library/PrivateFrameworks/Heimdal.framework/Versions/A/Heimdal
0x0000000004656000 	/usr/lib/libheimdal-asn1.dylib
0x0000000004656000 	/System/Library/Frameworks/OpenDirectory.framework/Versions/A/OpenDirectory
0x0000000004656000 	/System/Library/PrivateFrameworks/CommonAuth.framework/Versions/A/CommonAuth
0x0000000004656000 	/System/Library/Frameworks/OpenDirectory.framework/Versions/A/Frameworks/CFOpenDirectory.framework/Versions/A/CFOpenDirectory
0x0000000004656000 	/System/Library/Frameworks/SecurityFoundation.framework/Versions/A/SecurityFoundation
0x0000000004656000 	/System/Library/PrivateFrameworks/LanguageModeling.framework/Versions/A/LanguageModeling
0x0000000004656000 	/usr/lib/libcmph.dylib
0x0000000004656000 	/System/Library/Frameworks/ServiceManagement.framework/Versions/A/ServiceManagement
0x0000000004656000 	/usr/lib/libxslt.1.dylib
0x0000000004656000 	/System/Library/Frameworks/Carbon.framework/Versions/A/Frameworks/Ink.framework/Versions/A/Ink
0x0000000004656000 	/System/Library/Frameworks/QuartzCore.framework/Versions/A/Frameworks/CoreImage.framework/Versions/A/CoreImage
0x0000000004656000 	/System/Library/PrivateFrameworks/CrashReporterSupport.framework/Versions/A/CrashReporterSupport
0x0000000004656000 	/System/Library/Frameworks/OpenCL.framework/Versions/A/OpenCL
0x0000000004656000 	/System/Library/PrivateFrameworks/FaceCore.framework/Versions/A/FaceCore
0x0000000004656000 	/System/Library/PrivateFrameworks/Ubiquity.framework/Versions/A/Ubiquity
0x0000000004656000 	/System/Library/PrivateFrameworks/IconServices.framework/Versions/A/IconServices
0x0000000004656000 	/System/Library/PrivateFrameworks/ChunkingLibrary.framework/Versions/A/ChunkingLibrary
0x0000000004656000 	/System/Library/PrivateFrameworks/Apple80211.framework/Versions/A/Apple80211
0x0000000004656000 	/System/Library/Frameworks/CoreWLAN.framework/Versions/A/CoreWLAN
0x0000000004656000 	/System/Library/Frameworks/IOBluetooth.framework/Versions/A/IOBluetooth
0x0000000004656000 	/System/Library/PrivateFrameworks/CoreWiFi.framework/Versions/A/CoreWiFi
0x0000000004656000 	/System/Library/Frameworks/CoreBluetooth.framework/Versions/A/CoreBluetooth
0x0000000004656000 	/System/Library/PrivateFrameworks/DebugSymbols.framework/Versions/A/DebugSymbols
0x0000000004656000 	/System/Library/PrivateFrameworks/CoreSymbolication.framework/Versions/A/CoreSymbolication
0x0000000004656000 	/System/Library/PrivateFrameworks/Symbolication.framework/Versions/A/Symbolication
0x0000000004656000 	/System/Library/PrivateFrameworks/SpeechRecognitionCore.framework/Versions/A/SpeechRecognitionCore
0x000000010a914000 	/Library/Java/JavaVirtualMachines/jdk1.8.0_121.jdk/Contents/Home/jre/lib/server/libjvm.dylib
0x0000000004656000 	/usr/lib/libstdc++.6.dylib
0x000000010b9b9000 	/Library/Java/JavaVirtualMachines/jdk1.8.0_121.jdk/Contents/Home/jre/lib/libverify.dylib
0x000000010b9c7000 	/Library/Java/JavaVirtualMachines/jdk1.8.0_121.jdk/Contents/Home/jre/lib/libjava.dylib
0x000000010b9fd000 	/Library/Java/JavaVirtualMachines/jdk1.8.0_121.jdk/Contents/Home/jre/lib/libinstrument.dylib
0x000000010ba5b000 	/Library/Java/JavaVirtualMachines/jdk1.8.0_121.jdk/Contents/Home/jre/lib/libzip.dylib
0x000000011afe1000 	/System/Library/Frameworks/JavaVM.framework/Frameworks/JavaRuntimeSupport.framework/JavaRuntimeSupport
0x00000001222ea000 	/System/Library/Frameworks/JavaVM.framework/Versions/A/Frameworks/JavaNativeFoundation.framework/Versions/A/JavaNativeFoundation
0x00000001222fe000 	/System/Library/Frameworks/JavaVM.framework/Versions/A/JavaVM
0x0000000004656000 	/System/Library/Frameworks/Carbon.framework/Versions/A/Carbon
0x000000012230a000 	/System/Library/PrivateFrameworks/JavaLaunching.framework/Versions/A/JavaLaunching
0x0000000004656000 	/System/Library/Frameworks/Carbon.framework/Versions/A/Frameworks/CommonPanels.framework/Versions/A/CommonPanels
0x0000000004656000 	/System/Library/Frameworks/Carbon.framework/Versions/A/Frameworks/Help.framework/Versions/A/Help
0x0000000004656000 	/System/Library/Frameworks/Carbon.framework/Versions/A/Frameworks/ImageCapture.framework/Versions/A/ImageCapture
0x0000000004656000 	/System/Library/Frameworks/Carbon.framework/Versions/A/Frameworks/OpenScripting.framework/Versions/A/OpenScripting
0x0000000004656000 	/System/Library/Frameworks/Carbon.framework/Versions/A/Frameworks/Print.framework/Versions/A/Print
0x0000000004656000 	/System/Library/Frameworks/Carbon.framework/Versions/A/Frameworks/SecurityHI.framework/Versions/A/SecurityHI
0x0000000123f13000 	/Library/Java/JavaVirtualMachines/jdk1.8.0_121.jdk/Contents/Home/jre/lib/libnet.dylib
0x0000000124481000 	/Library/Java/JavaVirtualMachines/jdk1.8.0_121.jdk/Contents/Home/jre/lib/libawt.dylib
0x0000000124529000 	/Library/Java/JavaVirtualMachines/jdk1.8.0_121.jdk/Contents/Home/jre/lib/./libmlib_image.dylib
0x00000001245f5000 	/Library/Java/JavaVirtualMachines/jdk1.8.0_121.jdk/Contents/Home/jre/lib/libawt_lwawt.dylib
0x00000001246ac000 	/Library/Java/JavaVirtualMachines/jdk1.8.0_121.jdk/Contents/Home/jre/lib/./libosxapp.dylib
0x0000000004656000 	/System/Library/Frameworks/ExceptionHandling.framework/Versions/A/ExceptionHandling
0x0000000004656000 	/System/Library/PrivateFrameworks/CoreServicesInternal.framework/Versions/A/CoreServicesInternal
0x0000000004656000 	/System/Library/PrivateFrameworks/CloudDocs.framework/Versions/A/CloudDocs
0x0000000004656000 	/System/Library/PrivateFrameworks/CoreDuet.framework/Versions/A/CoreDuet
0x0000000004656000 	/System/Library/Frameworks/CloudKit.framework/Versions/A/CloudKit
0x0000000004656000 	/System/Library/PrivateFrameworks/ProtocolBuffer.framework/Versions/A/ProtocolBuffer
0x0000000004656000 	/System/Library/PrivateFrameworks/CoreDuetDaemonProtocol.framework/Versions/A/CoreDuetDaemonProtocol
0x0000000004656000 	/System/Library/PrivateFrameworks/CoreDuetDebugLogging.framework/Versions/A/CoreDuetDebugLogging
0x0000000004656000 	/System/Library/PrivateFrameworks/MMCS.framework/Versions/A/MMCS
0x0000000004656000 	/System/Library/Frameworks/CoreLocation.framework/Versions/A/CoreLocation
0x0000000004656000 	/System/Library/PrivateFrameworks/ProtectedCloudStorage.framework/Versions/A/ProtectedCloudStorage
0x0000000004656000 	/System/Library/PrivateFrameworks/GeoServices.framework/Versions/A/GeoServices
0x0000000004656000 	/System/Library/Frameworks/CoreGraphics.framework/Versions/A/Resources/libCGCMS.A.dylib
0x0000000004656000 	/System/Library/Frameworks/CoreGraphics.framework/Versions/A/Resources/libRIP.A.dylib
0x0000000004656000 	/System/Library/Frameworks/CoreGraphics.framework/Versions/A/Resources/libCGXType.A.dylib
0x0000000004656000 	/System/Library/Frameworks/OpenCL.framework/Versions/A/Libraries/libcldcpuengine.dylib
0x0000000004656000 	/System/Library/PrivateFrameworks/DiskImages.framework/Versions/A/DiskImages
0x0000000004656000 	/System/Library/Frameworks/DiscRecording.framework/Versions/A/DiscRecording
0x0000000004656000 	/usr/lib/libcsfde.dylib
0x0000000004656000 	/usr/lib/libcurl.4.dylib
0x0000000004656000 	/System/Library/PrivateFrameworks/MediaKit.framework/Versions/A/MediaKit
0x0000000004656000 	/usr/lib/libCoreStorage.dylib
0x0000000004656000 	/System/Library/PrivateFrameworks/EFILogin.framework/Versions/A/EFILogin
0x0000000004656000 	/usr/lib/libutil.dylib
0x0000000004656000 	/System/Library/PrivateFrameworks/FindMyDevice.framework/Versions/A/FindMyDevice
0x0000000004656000 	/System/Library/Frameworks/LDAP.framework/Versions/A/LDAP
0x0000000004656000 	/usr/lib/libsasl2.2.dylib
0x0000000004656000 	/System/Library/PrivateFrameworks/CoreDaemon.framework/Versions/B/CoreDaemon
0x0000000004656000 	/usr/lib/libcrypto.0.9.8.dylib
0x0000000004656000 	/System/Library/PrivateFrameworks/AppleSRP.framework/Versions/A/AppleSRP
0x0000000004656000 	/System/Library/PrivateFrameworks/TrustEvaluationAgent.framework/Versions/A/TrustEvaluationAgent
0x000000012796e000 	cl_kernels
0x0000000127970000 	/System/Library/Frameworks/OpenCL.framework/Versions/A/Libraries/ImageFormats/unorm8_bgra.dylib
0x0000000127960000 	cl_kernels
0x0000000004656000 	/System/Library/PrivateFrameworks/FamilyControls.framework/Versions/A/FamilyControls
0x0000000004656000 	/System/Library/PrivateFrameworks/CommerceKit.framework/Versions/A/Frameworks/CommerceCore.framework/Versions/A/CommerceCore
0x0000000004656000 	/System/Library/PrivateFrameworks/SystemAdministration.framework/Versions/A/SystemAdministration
0x0000000004656000 	/System/Library/PrivateFrameworks/AppContainer.framework/Versions/A/AppContainer
0x0000000004656000 	/System/Library/PrivateFrameworks/SecCodeWrapper.framework/Versions/A/SecCodeWrapper
0x0000000004656000 	/System/Library/Frameworks/DirectoryService.framework/Versions/A/DirectoryService
0x0000000004656000 	/System/Library/PrivateFrameworks/LoginUIKit.framework/Versions/A/Frameworks/LoginUICore.framework/Versions/A/LoginUICore
0x0000000004656000 	/usr/lib/libodfde.dylib
0x0000000128bf4000 	/Library/Java/opencv-3.1.0/build/lib/libopencv_java310.so
0x0000000128cd2000 	/Library/Java/opencv-3.1.0/build/lib/libopencv_photo.3.1.dylib
0x0000000128db6000 	/Library/Java/opencv-3.1.0/build/lib/libopencv_video.3.1.dylib
0x0000000128e22000 	/Library/Java/opencv-3.1.0/build/lib/libopencv_bioinspired.3.1.dylib
0x0000000126dd9000 	/Library/Java/opencv-3.1.0/build/lib/libopencv_face.3.1.dylib
0x0000000128e60000 	/Library/Java/opencv-3.1.0/build/lib/libopencv_calib3d.3.1.dylib
0x000000012901b000 	/Library/Java/opencv-3.1.0/build/lib/libopencv_objdetect.3.1.dylib
0x000000012908c000 	/Library/Java/opencv-3.1.0/build/lib/libopencv_features2d.3.1.dylib
0x000000012914b000 	/Library/Java/opencv-3.1.0/build/lib/libopencv_flann.3.1.dylib
0x00000001291b5000 	/Library/Java/opencv-3.1.0/build/lib/libopencv_ml.3.1.dylib
0x000000012926f000 	/Library/Java/opencv-3.1.0/build/lib/libopencv_highgui.3.1.dylib
0x0000000129281000 	/Library/Java/opencv-3.1.0/build/lib/libopencv_videoio.3.1.dylib
0x00000001292ac000 	/Library/Java/opencv-3.1.0/build/lib/libopencv_imgcodecs.3.1.dylib
0x0000000129552000 	/Library/Java/opencv-3.1.0/build/lib/libopencv_imgproc.3.1.dylib
0x000000012a846000 	/Library/Java/opencv-3.1.0/build/lib/libopencv_core.3.1.dylib
0x000000012b106000 	/usr/local/opt/ffmpeg/lib/libavcodec.57.dylib
0x000000012c411000 	/usr/local/opt/ffmpeg/lib/libavformat.57.dylib
0x000000012c5cd000 	/usr/local/opt/ffmpeg/lib/libavutil.55.dylib
0x000000012c637000 	/usr/local/opt/ffmpeg/lib/libswscale.4.dylib
0x000000012c6b7000 	/usr/local/opt/ffmpeg/lib/libavresample.3.dylib
0x0000000126dfb000 	/System/Library/Frameworks/VideoDecodeAcceleration.framework/Versions/A/VideoDecodeAcceleration
0x0000000004656000 	/System/Library/Frameworks/QTKit.framework/Versions/A/QTKit
0x000000012c6d8000 	/usr/local/Cellar/ffmpeg/3.4/lib/libswresample.2.dylib
0x0000000004656000 	/System/Library/Frameworks/CoreMedia.framework/Versions/A/CoreMedia
0x0000000004656000 	/System/Library/Frameworks/VideoToolbox.framework/Versions/A/VideoToolbox
0x000000012c6f7000 	/usr/local/opt/x264/lib/libx264.148.dylib
0x000000012c869000 	/usr/local/opt/lame/lib/libmp3lame.0.dylib
0x0000000004656000 	/System/Library/Frameworks/AVFoundation.framework/Versions/A/AVFoundation
0x0000000004656000 	/System/Library/PrivateFrameworks/AppleVA.framework/Versions/A/AppleVA
0x0000000004656000 	/System/Library/Frameworks/AVFoundation.framework/Versions/A/Resources/libAVFAudio.dylib
0x0000000004656000 	/System/Library/Frameworks/MediaToolbox.framework/Versions/A/MediaToolbox
0x0000000004656000 	/System/Library/Frameworks/CoreMediaIO.framework/Versions/A/CoreMediaIO
0x0000000004656000 	/System/Library/PrivateFrameworks/MediaControlSender.framework/Versions/A/MediaControlSender
0x0000000004656000 	/System/Library/PrivateFrameworks/CoreAVCHD.framework/Versions/A/CoreAVCHD
0x0000000004656000 	/System/Library/Frameworks/MediaAccessibility.framework/Versions/A/MediaAccessibility
0x0000000004656000 	/System/Library/PrivateFrameworks/Mangrove.framework/Versions/A/Mangrove
0x0000000004656000 	/System/Library/PrivateFrameworks/CoreAUC.framework/Versions/A/CoreAUC
0x0000000004656000 	/System/Library/PrivateFrameworks/NetworkStatistics.framework/Versions/A/NetworkStatistics
0x0000000004656000 	/System/Library/PrivateFrameworks/AirPlaySupport.framework/Versions/A/AirPlaySupport
0x0000000004656000 	/System/Library/PrivateFrameworks/CoreUtils.framework/Versions/A/CoreUtils
0x0000000004656000 	/System/Library/PrivateFrameworks/XPCService.framework/Versions/A/XPCService
0x0000000004656000 	/System/Library/PrivateFrameworks/AppSandbox.framework/Versions/A/AppSandbox
0x0000000004656000 	/usr/lib/libsandbox.1.dylib
0x0000000004656000 	/usr/lib/libMatch.1.dylib
0x0000000004656000 	/System/Library/PrivateFrameworks/CoreMediaAuthoring.framework/Versions/A/CoreMediaAuthoring
0x0000000004656000 	/System/Library/Frameworks/OpenGL.framework/Versions/A/Resources/GLEngine.bundle/GLEngine
0x0000000004656000 	/System/Library/Frameworks/OpenGL.framework/Versions/A/Libraries/libGLProgrammability.dylib
0x000000012c9da000 	/System/Library/Extensions/AppleIntelHD5000GraphicsGLDriver.bundle/Contents/MacOS/AppleIntelHD5000GraphicsGLDriver
0x0000000004656000 	/System/Library/PrivateFrameworks/IOAccelerator.framework/Versions/A/IOAccelerator
0x0000000004656000 	/System/Library/PrivateFrameworks/GPUSupport.framework/Versions/A/Libraries/libGPUSupportMercury.dylib
0x0000000004656000 	/System/Library/Frameworks/OpenGL.framework/Versions/A/Resources/GLRendererFloat.bundle/GLRendererFloat
0x000000012da69000 	/Library/Java/JavaVirtualMachines/jdk1.8.0_121.jdk/Contents/Home/jre/lib/libfontmanager.dylib
0x000000012dad0000 	/Library/Java/JavaVirtualMachines/jdk1.8.0_121.jdk/Contents/Home/jre/lib/libosxui.dylib
0x0000000130833000 	/Library/Java/JavaVirtualMachines/jdk1.8.0_121.jdk/Contents/Home/jre/lib/libnio.dylib
0x0000000004656000 	/System/Library/Frameworks/ApplicationServices.framework/Versions/A/Frameworks/ATS.framework/Versions/A/Resources/libTrueTypeScaler.dylib
0x000000017bd32000 	/System/Library/Extensions/AppleHDA.kext/Contents/PlugIns/AppleHDAHALPlugIn.bundle/Contents/MacOS/AppleHDAHALPlugIn
0x000000017bd3b000 	/Library/CoreMediaIO/Plug-Ins/DAL/AppleCamera.plugin/Contents/MacOS/AppleCamera
0x000000017bd65000 	/System/Library/Frameworks/CoreMediaIO.framework/Resources/CMIOUnits.bundle/Contents/MacOS/CMIOUnits
0x00000001304a3000 	/System/Library/PrivateFrameworks/FWAVC.framework/Versions/A/FWAVC
0x000000017c4bc000 	/System/Library/PrivateFrameworks/AppleGVA.framework/AppleGVA
0x000000018043a000 	/Library/Java/JavaVirtualMachines/jdk1.8.0_121.jdk/Contents/Home/jre/lib/libdcpr.dylib
0x0000000004656000 	/System/Library/Frameworks/Accelerate.framework/Versions/A/Frameworks/vImage.framework/Versions/A/Libraries/libCGInterfaces.dylib
0x000000012ecdd000 	/Library/Java/JavaVirtualMachines/jdk1.8.0_121.jdk/Contents/Home/jre/lib/libjpeg.dylib

VM Arguments:
jvm_args: -Djava.library.path=/Library/Java/opencv-3.1.0/build/lib -Djava.library.path=/Library/Java/opencv-3.1.0/build/lib -javaagent:/Applications/IntelliJ IDEA.app/Contents/lib/idea_rt.jar=53209:/Applications/IntelliJ IDEA.app/Contents/bin -Dfile.encoding=UTF-8 
java_command: org.opencv.demo.gui.swing.OpenCvDemo
java_class_path (initial): /Library/Java/JavaVirtualMachines/jdk1.8.0_121.jdk/Contents/Home/jre/lib/charsets.jar:/Library/Java/JavaVirtualMachines/jdk1.8.0_121.jdk/Contents/Home/jre/lib/deploy.jar:/Library/Java/JavaVirtualMachines/jdk1.8.0_121.jdk/Contents/Home/jre/lib/ext/cldrdata.jar:/Library/Java/JavaVirtualMachines/jdk1.8.0_121.jdk/Contents/Home/jre/lib/ext/dnsns.jar:/Library/Java/JavaVirtualMachines/jdk1.8.0_121.jdk/Contents/Home/jre/lib/ext/jaccess.jar:/Library/Java/JavaVirtualMachines/jdk1.8.0_121.jdk/Contents/Home/jre/lib/ext/jfxrt.jar:/Library/Java/JavaVirtualMachines/jdk1.8.0_121.jdk/Contents/Home/jre/lib/ext/localedata.jar:/Library/Java/JavaVirtualMachines/jdk1.8.0_121.jdk/Contents/Home/jre/lib/ext/nashorn.jar:/Library/Java/JavaVirtualMachines/jdk1.8.0_121.jdk/Contents/Home/jre/lib/ext/sunec.jar:/Library/Java/JavaVirtualMachines/jdk1.8.0_121.jdk/Contents/Home/jre/lib/ext/sunjce_provider.jar:/Library/Java/JavaVirtualMachines/jdk1.8.0_121.jdk/Contents/Home/jre/lib/ext/sunpkcs11.jar:/Library/Java/JavaVirtualMachines/jdk1.8.0_121.jdk/Contents/Home/jre/lib/ext/zipfs.jar:/Library/Java/JavaVirtualMachines/jdk1.8.0_121.jdk/Contents/Home/jre/lib/javaws.jar:/Library/Java/JavaVirtualMachines/jdk1.8.0_121.jdk/Contents/Home/jre/lib/jce.jar:/Library/Java/JavaVirtualMachines/jdk1.8.0_121.jdk/Contents/Home/jre/lib/jfr.jar:/Library/Java/JavaVirtualMachines/jdk1.8.0_121.jdk/Contents/Home/jre/lib/jfxswt.jar:/Library/Java/JavaVirtualMachines/jdk1.8.0_121.jdk/Contents/Home/jre/lib/jsse.jar:/Library/Java/JavaVirtualMachines/jdk1.8.0_121.jdk/Contents/Home/jre/lib/management-agent.jar:/Library/Java/JavaVirtualMachines/jdk1.8.0_121.jdk/Contents/Home/jre/lib/plugin.jar:/Library/Java/JavaVirtualMachines/jdk1.8.0_121.jdk/Contents/Home/jre/lib/resources.jar:/Library/Java/JavaVirtualMachines/jdk1.8.0_121.jdk/Contents/Home/jre/lib/rt.jar:/Library/Java/JavaVirtualMachines/jdk1.8.0_121.jdk/Contents/Home/lib/ant-javafx.jar:/Library/Java/JavaVirtualMachines/jdk1.8.0_121.jdk/Contents/Home
Launcher Type: SUN_STANDARD

Environment Variables:
PATH=/Library/hadoop-2.7.3/bin:/Library/hadoop-2.7.3/sbin:/Library/Java/apache-maven-3.3.9/bin:/bin:/jre/bin:/usr/local/mysql/bin:/Library/Java/tomcat/apache-tomcat-8.5.13/bin:/Library/Java/gradle-4.2/bin://Library/Java/apache-ant-1.10.1/BIN:/usr/local/bin:/usr/bin:/bin:/usr/sbin:/sbin
SHELL=/bin/bash

Signal Handlers:
SIGSEGV: [libjvm.dylib+0x5b1141], sa_mask[0]=11111111011111110111111111111111, sa_flags=SA_ONSTACK|SA_RESTART|SA_SIGINFO
SIGBUS: [libjvm.dylib+0x5b1141], sa_mask[0]=11111111011111110111111111111111, sa_flags=SA_RESTART|SA_SIGINFO
SIGFPE: [libjvm.dylib+0x487bc4], sa_mask[0]=11111111011111110111111111111111, sa_flags=SA_RESTART|SA_SIGINFO
SIGPIPE: [libjvm.dylib+0x487bc4], sa_mask[0]=11111111011111110111111111111111, sa_flags=SA_RESTART|SA_SIGINFO
SIGXFSZ: [libjvm.dylib+0x487bc4], sa_mask[0]=11111111011111110111111111111111, sa_flags=SA_RESTART|SA_SIGINFO
SIGILL: [libjvm.dylib+0x487bc4], sa_mask[0]=11111111011111110111111111111111, sa_flags=SA_RESTART|SA_SIGINFO
SIGUSR1: SIG_DFL, sa_mask[0]=00000000000000000000000000000000, sa_flags=none
SIGUSR2: [libjvm.dylib+0x4876e2], sa_mask[0]=00100000000000000000000000000000, sa_flags=SA_RESTART|SA_SIGINFO
SIGHUP: [libjvm.dylib+0x485cb9], sa_mask[0]=11111111011111110111111111111111, sa_flags=SA_RESTART|SA_SIGINFO
SIGINT: [libjvm.dylib+0x485cb9], sa_mask[0]=11111111011111110111111111111111, sa_flags=SA_RESTART|SA_SIGINFO
SIGTERM: [libjvm.dylib+0x485cb9], sa_mask[0]=11111111011111110111111111111111, sa_flags=SA_RESTART|SA_SIGINFO
SIGQUIT: [libjvm.dylib+0x485cb9], sa_mask[0]=11111111011111110111111111111111, sa_flags=SA_RESTART|SA_SIGINFO


---------------  S Y S T E M  ---------------

OS:Bsduname:Darwin 14.5.0 Darwin Kernel Version 14.5.0: Wed Jul 29 02:26:53 PDT 2015; root:xnu-2782.40.9~1/RELEASE_X86_64 x86_64
rlimit: STACK 8192k, CORE 0k, NPROC 709, NOFILE 10240, AS infinity
load average:3.19 3.42 3.30

CPU:total 4 (2 cores per cpu, 2 threads per core) family 6 model 69 stepping 1, cmov, cx8, fxsr, mmx, sse, sse2, sse3, ssse3, sse4.1, sse4.2, popcnt, avx, avx2, aes, clmul, erms, lzcnt, ht, tsc, tscinvbit, bmi1, bmi2

Memory: 4k page, physical 8388608k(39128k free)

/proc/meminfo:


vm_info: Java HotSpot(TM) 64-Bit Server VM (25.121-b13) for bsd-amd64 JRE (1.8.0_121-b13), built on Dec 12 2016 20:39:32 by "java_re" with gcc 4.2.1 (Based on Apple Inc. build 5658) (LLVM build 2336.11.00)

time: Thu Oct 26 00:02:09 2017
elapsed time: 70 seconds (0d 0h 1m 10s)

