#
# A fatal error has been detected by the Java Runtime Environment:
#
#  SIGSEGV (0xb) at pc=0x000000012daab1a5, pid=1753, tid=0x0000000000012363
#
# JRE version: Java(TM) SE Runtime Environment (8.0_121-b13) (build 1.8.0_121-b13)
# Java VM: Java HotSpot(TM) 64-Bit Server VM (25.121-b13 mixed mode bsd-amd64 compressed oops)
# Problematic frame:
# C  [libopencv_core.3.1.dylib+0x1511a5]  _ZNK2cv11_InputArray4sizeEi+0x6c5
#
# Failed to write core dump. Core dumps have been disabled. To enable core dumping, try "ulimit -c unlimited" before starting Java again
#
# If you would like to submit a bug report, please visit:
#   http://bugreport.java.com/bugreport/crash.jsp
# The crash happened outside the Java Virtual Machine in native code.
# See problematic frame for where to report the bug.
#

---------------  T H R E A D  ---------------

Current thread (0x00007ff3e42ad800):  JavaThread "SwingWorker-pool-1-thread-1" daemon [_thread_in_native, id=74595, stack(0x0000000180b76000,0x0000000180c76000)]

siginfo: si_signo: 11 (SIGSEGV), si_code: 1 (SEGV_MAPERR), si_addr: 0x0000000032767579

Registers:
RAX=0x0000000032767579, RBX=0x0000000180c75348, RCX=0x00000000003f0200, RDX=0x00000000ffffffff
RSP=0x0000000180c75190, RBP=0x0000000180c752a0, RSI=0x0000000180c75348, RDI=0x0000000180c752c8
R8 =0x0000000000000001, R9 =0x00007ff3e6a00000, R10=0x0000000000000020, R11=0x00007ff3e6a00000
R12=0x0000000180c75340, R13=0x0000000180c75348, R14=0x0000000180c752c8, R15=0x00000000ffffffff
RIP=0x000000012daab1a5, EFLAGS=0x0000000000010286, ERR=0x0000000000000004
  TRAPNO=0x000000000000000e

Top of Stack: (sp=0x0000000180c75190)
0x0000000180c75190:   000000670000000e 0000007d80c74ec0
0x0000000180c751a0:   00000001235df578 00007ff3e42ad800
0x0000000180c751b0:   0000000180c751f8 0000000180c753d0
0x0000000180c751c0:   0000000180c751e0 000000010daea9dc
0x0000000180c751d0:   00007ff3e695a550 00007ff3e695a550
0x0000000180c751e0:   0000000180c75200 000000010de8f882
0x0000000180c751f0:   000000010d8c7a00 000000012c14f150
0x0000000180c75200:   0000000180c75340 0000000180c75348
0x0000000180c75210:   0000000180c75360 00007ff3e6a6ae90
0x0000000180c75220:   0000000180c752a0 000000012c14fab5
0x0000000180c75230:   4325194700000000 0000000180c75258
0x0000000180c75240:   0000000180c75250 a89079a400000000
0x0000000180c75250:   0000000000000000 0000000000000000
0x0000000180c75260:   0000000000000000 0000000000000000
0x0000000180c75270:   0000000000000000 0000000180c752c8
0x0000000180c75280:   0000000180c75340 0000000180c75348
0x0000000180c75290:   0000000180c75360 00007ff3e6a6ae90
0x0000000180c752a0:   0000000180c75320 000000012c151efa
0x0000000180c752b0:   0000000180c752d0 3ff199999999999a
0x0000000180c752c0:   0000000000000003 000002ed000002d5
0x0000000180c752d0:   0000000000000000 0000000000000000
0x0000000180c752e0:   000002cd000002bf 0000000000000000
0x0000000180c752f0:   0000000000000000 00007ff3e6d39330
0x0000000180c75300:   0000000000000000 0000000180c75678
0x0000000180c75310:   0000000180c753d0 00007ff3e42ad9f8
0x0000000180c75320:   0000000180c75390 000000012bd6bc30
0x0000000180c75330:   0000000180c75338 0000000000000000
0x0000000180c75340:   0000000000000000 00007fff01010000
0x0000000180c75350:   00007ff3e695a5b0 0000000000000000
0x0000000180c75360:   00007ff3e6a99c10 00007ff3e6a99c20
0x0000000180c75370:   00007ff3e6a99e10 00007ff3e695a5b0
0x0000000180c75380:   0000000180c753d0 00007ff3e42ad800 

Instructions: (pc=0x000000012daab1a5)
0x000000012daab185:   00 48 8d bd 30 ff ff ff e8 5e 73 0b 00 48 8b 03
0x000000012daab195:   49 63 cf 48 8d 0c 89 48 c1 e1 04 48 8b 44 08 30
0x000000012daab1a5:   8b 08 8b 40 04 41 89 06 41 89 4e 04 e9 3d 01 00
0x000000012daab1b5:   00 3d 00 00 0d 00 0f 85 aa 00 00 00 48 8b 5b 08 

Register to memory mapping:

RAX=0x0000000032767579 is an unknown value
RBX=0x0000000180c75348 is pointing into the stack for thread: 0x00007ff3e42ad800
RCX=0x00000000003f0200 is an unknown value
RDX=0x00000000ffffffff is an unknown value
RSP=0x0000000180c75190 is pointing into the stack for thread: 0x00007ff3e42ad800
RBP=0x0000000180c752a0 is pointing into the stack for thread: 0x00007ff3e42ad800
RSI=0x0000000180c75348 is pointing into the stack for thread: 0x00007ff3e42ad800
RDI=0x0000000180c752c8 is pointing into the stack for thread: 0x00007ff3e42ad800
R8 =0x0000000000000001 is an unknown value
R9 =0x00007ff3e6a00000 is an unknown value
R10=0x0000000000000020 is an unknown value
R11=0x00007ff3e6a00000 is an unknown value
R12=0x0000000180c75340 is pointing into the stack for thread: 0x00007ff3e42ad800
R13=0x0000000180c75348 is pointing into the stack for thread: 0x00007ff3e42ad800
R14=0x0000000180c752c8 is pointing into the stack for thread: 0x00007ff3e42ad800
R15=0x00000000ffffffff is an unknown value


Stack: [0x0000000180b76000,0x0000000180c76000],  sp=0x0000000180c75190,  free space=1020k
Native frames: (J=compiled Java code, j=interpreted, Vv=VM code, C=native code)
C  [libopencv_core.3.1.dylib+0x1511a5]  _ZNK2cv11_InputArray4sizeEi+0x6c5
C  [libopencv_objdetect.3.1.dylib+0x10efa]  _ZN2cv17CascadeClassifier16detectMultiScaleERKNS_11_InputArrayERNSt3__16vectorINS_5Rect_IiEENS4_9allocatorIS7_EEEEdiiNS_5Size_IiEESD_+0xea
C  [libopencv_java310.so+0x51c30]  Java_org_opencv_objdetect_CascadeClassifier_detectMultiScale_11+0x80
J 1616  org.opencv.objdetect.CascadeClassifier.detectMultiScale_1(JJJ)V (0 bytes) @ 0x000000010f02befd [0x000000010f02be40+0xbd]
J 1614 C1 org.opencv.demo.core.ElementsDetector.detectElements(Lorg/opencv/core/Mat;)Ljava/util/List; (528 bytes) @ 0x000000010f039b1c [0x000000010f039340+0x7dc]
J 1253 C1 org.opencv.demo.core.DetectorsManager.detect(Lorg/opencv/core/Mat;)Lorg/opencv/core/Mat; (326 bytes) @ 0x000000010ef0aedc [0x000000010ef0a9a0+0x53c]
j  org.opencv.demo.gui.swing.WebcamPanel$PanelUpdater.doInBackground()Ljava/lang/Object;+41
j  javax.swing.SwingWorker$1.call()Ljava/lang/Object;+14
j  java.util.concurrent.FutureTask.run()V+42
j  javax.swing.SwingWorker.run()V+4
j  java.util.concurrent.ThreadPoolExecutor.runWorker(Ljava/util/concurrent/ThreadPoolExecutor$Worker;)V+95
j  java.util.concurrent.ThreadPoolExecutor$Worker.run()V+5
j  java.lang.Thread.run()V+11
v  ~StubRoutines::call_stub
V  [libjvm.dylib+0x2ed9d6]
V  [libjvm.dylib+0x2ee164]
V  [libjvm.dylib+0x2ee310]
V  [libjvm.dylib+0x348a5d]
V  [libjvm.dylib+0x56ab0f]
V  [libjvm.dylib+0x56c1fc]
V  [libjvm.dylib+0x48a5b2]
C  [libsystem_pthread.dylib+0x405a]  _pthread_body+0x83
C  [libsystem_pthread.dylib+0x3fd7]  _pthread_body+0x0
C  [libsystem_pthread.dylib+0x13ed]  thread_start+0xd
C  0x0000000000000000

Java frames: (J=compiled Java code, j=interpreted, Vv=VM code)
J 1616  org.opencv.objdetect.CascadeClassifier.detectMultiScale_1(JJJ)V (0 bytes) @ 0x000000010f02be87 [0x000000010f02be40+0x47]
J 1614 C1 org.opencv.demo.core.ElementsDetector.detectElements(Lorg/opencv/core/Mat;)Ljava/util/List; (528 bytes) @ 0x000000010f039b1c [0x000000010f039340+0x7dc]
J 1253 C1 org.opencv.demo.core.DetectorsManager.detect(Lorg/opencv/core/Mat;)Lorg/opencv/core/Mat; (326 bytes) @ 0x000000010ef0aedc [0x000000010ef0a9a0+0x53c]
j  org.opencv.demo.gui.swing.WebcamPanel$PanelUpdater.doInBackground()Ljava/lang/Object;+41
j  javax.swing.SwingWorker$1.call()Ljava/lang/Object;+14
j  java.util.concurrent.FutureTask.run()V+42
j  javax.swing.SwingWorker.run()V+4
j  java.util.concurrent.ThreadPoolExecutor.runWorker(Ljava/util/concurrent/ThreadPoolExecutor$Worker;)V+95
j  java.util.concurrent.ThreadPoolExecutor$Worker.run()V+5
j  java.lang.Thread.run()V+11
v  ~StubRoutines::call_stub

---------------  P R O C E S S  ---------------

Java Threads: ( => current thread )
  0x00007ff3e42c8800 JavaThread "DestroyJavaVM" [_thread_blocked, id=3331, stack(0x000000010e94b000,0x000000010ea4b000)]
  0x00007ff3e3a99000 JavaThread "TimerQueue" daemon [_thread_blocked, id=75523, stack(0x0000000180c79000,0x0000000180d79000)]
=>0x00007ff3e42ad800 JavaThread "SwingWorker-pool-1-thread-1" daemon [_thread_in_native, id=74595, stack(0x0000000180b76000,0x0000000180c76000)]
  0x00007ff3e4187800 JavaThread "AWT-EventQueue-0" [_thread_blocked, id=52999, stack(0x0000000133f29000,0x0000000134029000)]
  0x00007ff3e4166000 JavaThread "Java2D Disposer" daemon [_thread_blocked, id=51735, stack(0x0000000130a80000,0x0000000130b80000)]
  0x00007ff3e415c800 JavaThread "Java2D Queue Flusher" daemon [_thread_blocked, id=50183, stack(0x000000012f9ec000,0x000000012faec000)]
  0x00007ff3e30b1000 JavaThread "AWT-Shutdown" [_thread_blocked, id=28435, stack(0x0000000128f81000,0x0000000129081000)]
  0x00007ff3e4114000 JavaThread "AppKit Thread" daemon [_thread_in_native, id=1811, stack(0x00007fff51b57000,0x00007fff52357000)]
  0x00007ff3e4093800 JavaThread "Service Thread" daemon [_thread_blocked, id=18435, stack(0x0000000127310000,0x0000000127410000)]
  0x00007ff3e3839000 JavaThread "C1 CompilerThread2" daemon [_thread_blocked, id=17923, stack(0x000000012720d000,0x000000012730d000)]
  0x00007ff3e4092800 JavaThread "C2 CompilerThread1" daemon [_thread_blocked, id=17411, stack(0x000000012710a000,0x000000012720a000)]
  0x00007ff3e4047800 JavaThread "C2 CompilerThread0" daemon [_thread_blocked, id=16899, stack(0x0000000126fa8000,0x00000001270a8000)]
  0x00007ff3e3020000 JavaThread "Monitor Ctrl-Break" daemon [_thread_in_native, id=16387, stack(0x0000000126ea5000,0x0000000126fa5000)]
  0x00007ff3e3821800 JavaThread "Signal Dispatcher" daemon [_thread_blocked, id=15903, stack(0x0000000126c7f000,0x0000000126d7f000)]
  0x00007ff3e3015800 JavaThread "Finalizer" daemon [_thread_blocked, id=11011, stack(0x0000000125263000,0x0000000125363000)]
  0x00007ff3e3800800 JavaThread "Reference Handler" daemon [_thread_blocked, id=10499, stack(0x0000000125160000,0x0000000125260000)]

Other Threads:
  0x00007ff3e2830000 VMThread [stack: 0x000000012505d000,0x000000012515d000] [id=9987]
  0x00007ff3e3087800 WatcherThread [stack: 0x0000000127413000,0x0000000127513000] [id=18947]

VM state:not at safepoint (normal execution)

VM Mutex/Monitor currently owned by a thread: None

Heap:
 PSYoungGen      total 29696K, used 199K [0x0000000795580000, 0x0000000797800000, 0x00000007c0000000)
  eden space 24064K, 0% used [0x0000000795580000,0x0000000795589ef8,0x0000000796d00000)
  from space 5632K, 2% used [0x0000000797280000,0x00000007972a8000,0x0000000797800000)
  to   space 5632K, 0% used [0x0000000796d00000,0x0000000796d00000,0x0000000797280000)
 ParOldGen       total 87552K, used 43228K [0x0000000740000000, 0x0000000745580000, 0x0000000795580000)
  object space 87552K, 49% used [0x0000000740000000,0x0000000742a370e8,0x0000000745580000)
 Metaspace       used 14015K, capacity 14268K, committed 14464K, reserved 1062912K
  class space    used 1743K, capacity 1858K, committed 1920K, reserved 1048576K

Card table byte_map: [0x000000011e800000,0x000000011ec01000] byte_map_base: 0x000000011ae00000

Marking Bits: (ParMarkBitMap*) 0x000000010e298d30
 Begin Bits: [0x000000011f1b5000, 0x00000001211b5000)
 End Bits:   [0x00000001211b5000, 0x00000001231b5000)

Polling page: 0x000000010ea90000

CodeCache: size=245760Kb used=5554Kb max_used=5558Kb free=240205Kb
 bounds [0x000000010eaf8000, 0x000000010f088000, 0x000000011daf8000]
 total_blobs=2385 nmethods=1659 adapters=639
 compilation: enabled

Compilation events (10 events):
Event: 55.452 Thread 0x00007ff3e3839000 nmethod 1694 0x000000010ec12d90 code [0x000000010ec12f60, 0x000000010ec13718]
Event: 55.452 Thread 0x00007ff3e3839000 1693   !   3       sun.awt.image.ImageRepresentation::setPixels (535 bytes)
Event: 55.453 Thread 0x00007ff3e4047800 1696   !   4       java.lang.ref.Finalizer::remove (94 bytes)
Event: 55.454 Thread 0x00007ff3e4047800 nmethod 1696 0x000000010ed17250 code [0x000000010ed173a0, 0x000000010ed17678]
Event: 55.454 Thread 0x00007ff3e4047800 1697       4       org.opencv.core.Mat::finalize (12 bytes)
Event: 55.454 Thread 0x00007ff3e4047800 nmethod 1697 0x000000010ec10390 code [0x000000010ec104e0, 0x000000010ec10568]
Event: 55.455 Thread 0x00007ff3e3839000 nmethod 1693 0x000000010f065510 code [0x000000010f0658a0, 0x000000010f067c38]
Event: 55.455 Thread 0x00007ff3e3839000 1695       3       sun.awt.image.SunWritableRaster::markDirty (8 bytes)
Event: 55.455 Thread 0x00007ff3e3839000 nmethod 1695 0x000000010f05cfd0 code [0x000000010f05d140, 0x000000010f05d390]
Event: 55.456 Thread 0x00007ff3e4092800 nmethod 1691 0x000000010ec07bd0 code [0x000000010ec07dc0, 0x000000010ec08278]

GC Heap History (10 events):
Event: 49.126 GC heap before
{Heap before GC invocations=22 (full 0):
 PSYoungGen      total 25600K, used 25042K [0x0000000795580000, 0x0000000797b00000, 0x00000007c0000000)
  eden space 24064K, 99% used [0x0000000795580000,0x0000000796cedf60,0x0000000796d00000)
  from space 1536K, 68% used [0x0000000796d00000,0x0000000796e06c30,0x0000000796e80000)
  to   space 7168K, 0% used [0x0000000797400000,0x0000000797400000,0x0000000797b00000)
 ParOldGen       total 87552K, used 32169K [0x0000000740000000, 0x0000000745580000, 0x0000000795580000)
  object space 87552K, 36% used [0x0000000740000000,0x0000000741f6a5a8,0x0000000745580000)
 Metaspace       used 13974K, capacity 14236K, committed 14464K, reserved 1062912K
  class space    used 1736K, capacity 1826K, committed 1920K, reserved 1048576K
Event: 49.129 GC heap after
Heap after GC invocations=22 (full 0):
 PSYoungGen      total 30208K, used 1613K [0x0000000795580000, 0x0000000797a00000, 0x00000007c0000000)
  eden space 24064K, 0% used [0x0000000795580000,0x0000000795580000,0x0000000796d00000)
  from space 6144K, 26% used [0x0000000797400000,0x0000000797593450,0x0000000797a00000)
  to   space 6656K, 0% used [0x0000000796d00000,0x0000000796d00000,0x0000000797380000)
 ParOldGen       total 87552K, used 32185K [0x0000000740000000, 0x0000000745580000, 0x0000000795580000)
  object space 87552K, 36% used [0x0000000740000000,0x0000000741f6e5a8,0x0000000745580000)
 Metaspace       used 13974K, capacity 14236K, committed 14464K, reserved 1062912K
  class space    used 1736K, capacity 1826K, committed 1920K, reserved 1048576K
}
Event: 51.072 GC heap before
{Heap before GC invocations=23 (full 0):
 PSYoungGen      total 30208K, used 25677K [0x0000000795580000, 0x0000000797a00000, 0x00000007c0000000)
  eden space 24064K, 100% used [0x0000000795580000,0x0000000796d00000,0x0000000796d00000)
  from space 6144K, 26% used [0x0000000797400000,0x0000000797593450,0x0000000797a00000)
  to   space 6656K, 0% used [0x0000000796d00000,0x0000000796d00000,0x0000000797380000)
 ParOldGen       total 87552K, used 41394K [0x0000000740000000, 0x0000000745580000, 0x0000000795580000)
  object space 87552K, 47% used [0x0000000740000000,0x000000074286cba8,0x0000000745580000)
 Metaspace       used 13974K, capacity 14236K, committed 14464K, reserved 1062912K
  class space    used 1736K, capacity 1826K, committed 1920K, reserved 1048576K
Event: 51.074 GC heap after
Heap after GC invocations=23 (full 0):
 PSYoungGen      total 30720K, used 128K [0x0000000795580000, 0x0000000797a00000, 0x00000007c0000000)
  eden space 24064K, 0% used [0x0000000795580000,0x0000000795580000,0x0000000796d00000)
  from space 6656K, 1% used [0x0000000796d00000,0x0000000796d20000,0x0000000797380000)
  to   space 6656K, 0% used [0x0000000797380000,0x0000000797380000,0x0000000797a00000)
 ParOldGen       total 87552K, used 41410K [0x0000000740000000, 0x0000000745580000, 0x0000000795580000)
  object space 87552K, 47% used [0x0000000740000000,0x0000000742870ba8,0x0000000745580000)
 Metaspace       used 13974K, capacity 14236K, committed 14464K, reserved 1062912K
  class space    used 1736K, capacity 1826K, committed 1920K, reserved 1048576K
}
Event: 52.464 GC heap before
{Heap before GC invocations=24 (full 0):
 PSYoungGen      total 30720K, used 24128K [0x0000000795580000, 0x0000000797a00000, 0x00000007c0000000)
  eden space 24064K, 99% used [0x0000000795580000,0x0000000796cf0188,0x0000000796d00000)
  from space 6656K, 1% used [0x0000000796d00000,0x0000000796d20000,0x0000000797380000)
  to   space 6656K, 0% used [0x0000000797380000,0x0000000797380000,0x0000000797a00000)
 ParOldGen       total 87552K, used 41410K [0x0000000740000000, 0x0000000745580000, 0x0000000795580000)
  object space 87552K, 47% used [0x0000000740000000,0x0000000742870ba8,0x0000000745580000)
 Metaspace       used 13974K, capacity 14236K, committed 14464K, reserved 1062912K
  class space    used 1736K, capacity 1826K, committed 1920K, reserved 1048576K
Event: 52.469 GC heap after
Heap after GC invocations=24 (full 0):
 PSYoungGen      total 29696K, used 1348K [0x0000000795580000, 0x0000000797900000, 0x00000007c0000000)
  eden space 24064K, 0% used [0x0000000795580000,0x0000000795580000,0x0000000796d00000)
  from space 5632K, 23% used [0x0000000797380000,0x00000007974d1040,0x0000000797900000)
  to   space 6144K, 0% used [0x0000000796d00000,0x0000000796d00000,0x0000000797300000)
 ParOldGen       total 87552K, used 41418K [0x0000000740000000, 0x0000000745580000, 0x0000000795580000)
  object space 87552K, 47% used [0x0000000740000000,0x0000000742872ba8,0x0000000745580000)
 Metaspace       used 13974K, capacity 14236K, committed 14464K, reserved 1062912K
  class space    used 1736K, capacity 1826K, committed 1920K, reserved 1048576K
}
Event: 53.930 GC heap before
{Heap before GC invocations=25 (full 0):
 PSYoungGen      total 29696K, used 25284K [0x0000000795580000, 0x0000000797900000, 0x00000007c0000000)
  eden space 24064K, 99% used [0x0000000795580000,0x0000000796ce00e8,0x0000000796d00000)
  from space 5632K, 23% used [0x0000000797380000,0x00000007974d1040,0x0000000797900000)
  to   space 6144K, 0% used [0x0000000796d00000,0x0000000796d00000,0x0000000797300000)
 ParOldGen       total 87552K, used 41715K [0x0000000740000000, 0x0000000745580000, 0x0000000795580000)
  object space 87552K, 47% used [0x0000000740000000,0x00000007428bcfb8,0x0000000745580000)
 Metaspace       used 13974K, capacity 14236K, committed 14464K, reserved 1062912K
  class space    used 1736K, capacity 1826K, committed 1920K, reserved 1048576K
Event: 53.931 GC heap after
Heap after GC invocations=25 (full 0):
 PSYoungGen      total 26112K, used 1613K [0x0000000795580000, 0x0000000797800000, 0x00000007c0000000)
  eden space 24064K, 0% used [0x0000000795580000,0x0000000795580000,0x0000000796d00000)
  from space 2048K, 78% used [0x0000000796d00000,0x0000000796e93450,0x0000000796f00000)
  to   space 5632K, 0% used [0x0000000797280000,0x0000000797280000,0x0000000797800000)
 ParOldGen       total 87552K, used 41731K [0x0000000740000000, 0x0000000745580000, 0x0000000795580000)
  object space 87552K, 47% used [0x0000000740000000,0x00000007428c0fb8,0x0000000745580000)
 Metaspace       used 13974K, capacity 14236K, committed 14464K, reserved 1062912K
  class space    used 1736K, capacity 1826K, committed 1920K, reserved 1048576K
}
Event: 55.448 GC heap before
{Heap before GC invocations=26 (full 0):
 PSYoungGen      total 26112K, used 25677K [0x0000000795580000, 0x0000000797800000, 0x00000007c0000000)
  eden space 24064K, 100% used [0x0000000795580000,0x0000000796d00000,0x0000000796d00000)
  from space 2048K, 78% used [0x0000000796d00000,0x0000000796e93450,0x0000000796f00000)
  to   space 5632K, 0% used [0x0000000797280000,0x0000000797280000,0x0000000797800000)
 ParOldGen       total 87552K, used 43220K [0x0000000740000000, 0x0000000745580000, 0x0000000795580000)
  object space 87552K, 49% used [0x0000000740000000,0x0000000742a350e8,0x0000000745580000)
 Metaspace       used 14005K, capacity 14268K, committed 14464K, reserved 1062912K
  class space    used 1743K, capacity 1858K, committed 1920K, reserved 1048576K
Event: 55.449 GC heap after
Heap after GC invocations=26 (full 0):
 PSYoungGen      total 29696K, used 160K [0x0000000795580000, 0x0000000797800000, 0x00000007c0000000)
  eden space 24064K, 0% used [0x0000000795580000,0x0000000795580000,0x0000000796d00000)
  from space 5632K, 2% used [0x0000000797280000,0x00000007972a8000,0x0000000797800000)
  to   space 5632K, 0% used [0x0000000796d00000,0x0000000796d00000,0x0000000797280000)
 ParOldGen       total 87552K, used 43228K [0x0000000740000000, 0x0000000745580000, 0x0000000795580000)
  object space 87552K, 49% used [0x0000000740000000,0x0000000742a370e8,0x0000000745580000)
 Metaspace       used 14005K, capacity 14268K, committed 14464K, reserved 1062912K
  class space    used 1743K, capacity 1858K, committed 1920K, reserved 1048576K
}

Deoptimization events (9 events):
Event: 4.834 Thread 0x00007ff3e300b000 Uncommon trap: reason=class_check action=maybe_recompile pc=0x000000010ec7ee9c method=java.lang.String.equals(Ljava/lang/Object;)Z @ 8
Event: 4.834 Thread 0x00007ff3e300b000 Uncommon trap: reason=class_check action=maybe_recompile pc=0x000000010ec7ee9c method=java.lang.String.equals(Ljava/lang/Object;)Z @ 8
Event: 4.834 Thread 0x00007ff3e300b000 Uncommon trap: reason=class_check action=maybe_recompile pc=0x000000010ec7ee9c method=java.lang.String.equals(Ljava/lang/Object;)Z @ 8
Event: 4.834 Thread 0x00007ff3e300b000 Uncommon trap: reason=class_check action=maybe_recompile pc=0x000000010ec7ee9c method=java.lang.String.equals(Ljava/lang/Object;)Z @ 8
Event: 5.008 Thread 0x00007ff3e4187800 Uncommon trap: reason=unstable_if action=reinterpret pc=0x000000010ed2cbe0 method=java.lang.CharacterData.of(I)Ljava/lang/CharacterData; @ 4
Event: 19.676 Thread 0x00007ff3e4187800 Uncommon trap: reason=unstable_if action=reinterpret pc=0x000000010ef02668 method=sun.java2d.pipe.Region.clipScale(ID)I @ 3
Event: 19.795 Thread 0x00007ff3e4187800 Uncommon trap: reason=unstable_if action=reinterpret pc=0x000000010ee4b350 method=java.lang.StrictMath.floorOrCeil(DDDD)D @ 115
Event: 19.796 Thread 0x00007ff3e4187800 Uncommon trap: reason=unstable_if action=reinterpret pc=0x000000010ef508b8 method=java.util.concurrent.locks.ReentrantLock$Sync.tryRelease(I)Z @ 28
Event: 19.963 Thread 0x00007ff3e4187800 Uncommon trap: reason=unstable_if action=reinterpret pc=0x000000010ef48ee4 method=java.util.concurrent.locks.ReentrantLock$Sync.tryRelease(I)Z @ 28

Internal exceptions (10 events):
Event: 0.345 Thread 0x00007ff3e300b000 Exception <a 'java/security/PrivilegedActionException'> (0x00000007958322f8) thrown at [/Users/java_re/workspace/8-2-build-macosx-x86_64/jdk8u121/8372/hotspot/src/share/vm/prims/jvm.cpp, line 1390]
Event: 0.345 Thread 0x00007ff3e300b000 Exception <a 'java/security/PrivilegedActionException'> (0x0000000795832508) thrown at [/Users/java_re/workspace/8-2-build-macosx-x86_64/jdk8u121/8372/hotspot/src/share/vm/prims/jvm.cpp, line 1390]
Event: 0.346 Thread 0x00007ff3e300b000 Exception <a 'java/security/PrivilegedActionException'> (0x0000000795835838) thrown at [/Users/java_re/workspace/8-2-build-macosx-x86_64/jdk8u121/8372/hotspot/src/share/vm/prims/jvm.cpp, line 1390]
Event: 0.347 Thread 0x00007ff3e300b000 Exception <a 'java/security/PrivilegedActionException'> (0x0000000795835a48) thrown at [/Users/java_re/workspace/8-2-build-macosx-x86_64/jdk8u121/8372/hotspot/src/share/vm/prims/jvm.cpp, line 1390]
Event: 0.417 Thread 0x00007ff3e300b000 Exception <a 'java/lang/NoSuchFieldError': method resolution failed> (0x0000000795a0dc78) thrown at [/Users/java_re/workspace/8-2-build-macosx-x86_64/jdk8u121/8372/hotspot/src/share/vm/prims/methodHandles.cpp, line 1146]
Event: 0.421 Thread 0x00007ff3e300b000 Exception <a 'java/lang/NoSuchFieldError': method resolution failed> (0x0000000795a1bed0) thrown at [/Users/java_re/workspace/8-2-build-macosx-x86_64/jdk8u121/8372/hotspot/src/share/vm/prims/methodHandles.cpp, line 1146]
Event: 0.631 Thread 0x00007ff3e300b000 Exception <a 'java/io/FileNotFoundException'> (0x0000000795abd9e0) thrown at [/Users/java_re/workspace/8-2-build-macosx-x86_64/jdk8u121/8372/hotspot/src/share/vm/prims/jni.cpp, line 709]
Event: 0.631 Thread 0x00007ff3e300b000 Exception <a 'java/io/FileNotFoundException'> (0x0000000795abe548) thrown at [/Users/java_re/workspace/8-2-build-macosx-x86_64/jdk8u121/8372/hotspot/src/share/vm/prims/jni.cpp, line 709]
Event: 5.541 Thread 0x00007ff3e3015800 Exception <a 'java/lang/NullPointerException'> (0x0000000795793be8) thrown at [/Users/java_re/workspace/8-2-build-macosx-x86_64/jdk8u121/8372/hotspot/src/share/vm/interpreter/linkResolver.cpp, line 1178]
Event: 20.348 Thread 0x00007ff3e3015800 Exception <a 'java/lang/NullPointerException'> (0x00000007956578e8) thrown at [/Users/java_re/workspace/8-2-build-macosx-x86_64/jdk8u121/8372/hotspot/src/share/vm/interpreter/linkResolver.cpp, line 1178]

Events (10 events):
Event: 53.945 Thread 0x00007ff3e4092800 flushing nmethod 0x000000010ed68050
Event: 53.945 Thread 0x00007ff3e4092800 flushing nmethod 0x000000010ed6f9d0
Event: 55.447 loading class javax/swing/plaf/basic/BasicComboPopup
Event: 55.447 loading class javax/swing/plaf/basic/ComboPopup
Event: 55.447 loading class javax/swing/plaf/basic/ComboPopup done
Event: 55.447 loading class javax/swing/plaf/basic/BasicComboPopup done
Event: 55.447 Executing VM operation: Deoptimize
Event: 55.447 Executing VM operation: Deoptimize done
Event: 55.448 Executing VM operation: ParallelGCFailedAllocation
Event: 55.449 Executing VM operation: ParallelGCFailedAllocation done


Dynamic libraries:
0x0000000004656000 	/System/Library/Frameworks/Cocoa.framework/Versions/A/Cocoa
0x0000000004656000 	/System/Library/Frameworks/Security.framework/Versions/A/Security
0x0000000004656000 	/System/Library/Frameworks/ApplicationServices.framework/Versions/A/ApplicationServices
0x0000000004656000 	/usr/lib/libz.1.dylib
0x0000000004656000 	/usr/lib/libSystem.B.dylib
0x0000000004656000 	/usr/lib/libobjc.A.dylib
0x0000000004656000 	/System/Library/Frameworks/CoreFoundation.framework/Versions/A/CoreFoundation
0x0000000004656000 	/System/Library/Frameworks/Foundation.framework/Versions/C/Foundation
0x0000000004656000 	/System/Library/Frameworks/AppKit.framework/Versions/C/AppKit
0x0000000004656000 	/System/Library/Frameworks/CoreData.framework/Versions/A/CoreData
0x0000000004656000 	/System/Library/PrivateFrameworks/RemoteViewServices.framework/Versions/A/RemoteViewServices
0x0000000004656000 	/System/Library/PrivateFrameworks/UIFoundation.framework/Versions/A/UIFoundation
0x0000000004656000 	/System/Library/Frameworks/IOSurface.framework/Versions/A/IOSurface
0x0000000004656000 	/System/Library/Frameworks/AudioToolbox.framework/Versions/A/AudioToolbox
0x0000000004656000 	/System/Library/Frameworks/AudioUnit.framework/Versions/A/AudioUnit
0x0000000004656000 	/System/Library/PrivateFrameworks/DataDetectorsCore.framework/Versions/A/DataDetectorsCore
0x0000000004656000 	/System/Library/PrivateFrameworks/DesktopServicesPriv.framework/Versions/A/DesktopServicesPriv
0x0000000004656000 	/System/Library/Frameworks/Carbon.framework/Versions/A/Frameworks/HIToolbox.framework/Versions/A/HIToolbox
0x0000000004656000 	/System/Library/Frameworks/QuartzCore.framework/Versions/A/QuartzCore
0x0000000004656000 	/System/Library/Frameworks/Carbon.framework/Versions/A/Frameworks/SpeechRecognition.framework/Versions/A/SpeechRecognition
0x0000000004656000 	/usr/lib/libauto.dylib
0x0000000004656000 	/usr/lib/libicucore.A.dylib
0x0000000004656000 	/usr/lib/libxml2.2.dylib
0x0000000004656000 	/System/Library/PrivateFrameworks/CoreUI.framework/Versions/A/CoreUI
0x0000000004656000 	/System/Library/Frameworks/CoreAudio.framework/Versions/A/CoreAudio
0x0000000004656000 	/System/Library/Frameworks/DiskArbitration.framework/Versions/A/DiskArbitration
0x0000000004656000 	/usr/lib/liblangid.dylib
0x0000000004656000 	/System/Library/PrivateFrameworks/MultitouchSupport.framework/Versions/A/MultitouchSupport
0x0000000004656000 	/System/Library/Frameworks/IOKit.framework/Versions/A/IOKit
0x0000000004656000 	/usr/lib/libDiagnosticMessagesClient.dylib
0x0000000004656000 	/System/Library/Frameworks/CoreServices.framework/Versions/A/CoreServices
0x0000000004656000 	/System/Library/PrivateFrameworks/PerformanceAnalysis.framework/Versions/A/PerformanceAnalysis
0x0000000004656000 	/System/Library/PrivateFrameworks/GenerationalStorage.framework/Versions/A/GenerationalStorage
0x0000000004656000 	/System/Library/Frameworks/OpenGL.framework/Versions/A/OpenGL
0x0000000004656000 	/System/Library/PrivateFrameworks/Sharing.framework/Versions/A/Sharing
0x0000000004656000 	/System/Library/Frameworks/CoreGraphics.framework/Versions/A/CoreGraphics
0x0000000004656000 	/System/Library/Frameworks/CoreText.framework/Versions/A/CoreText
0x0000000004656000 	/System/Library/Frameworks/ImageIO.framework/Versions/A/ImageIO
0x0000000004656000 	/usr/lib/libextension.dylib
0x0000000004656000 	/System/Library/PrivateFrameworks/Backup.framework/Versions/A/Backup
0x0000000004656000 	/usr/lib/libarchive.2.dylib
0x0000000004656000 	/System/Library/Frameworks/CFNetwork.framework/Versions/A/CFNetwork
0x0000000004656000 	/System/Library/Frameworks/SystemConfiguration.framework/Versions/A/SystemConfiguration
0x0000000004656000 	/usr/lib/libCRFSuite.dylib
0x0000000004656000 	/usr/lib/libc++.1.dylib
0x0000000004656000 	/usr/lib/libc++abi.dylib
0x0000000004656000 	/usr/lib/system/libcache.dylib
0x0000000004656000 	/usr/lib/system/libcommonCrypto.dylib
0x0000000004656000 	/usr/lib/system/libcompiler_rt.dylib
0x0000000004656000 	/usr/lib/system/libcopyfile.dylib
0x0000000004656000 	/usr/lib/system/libcorecrypto.dylib
0x0000000004656000 	/usr/lib/system/libdispatch.dylib
0x0000000004656000 	/usr/lib/system/libdyld.dylib
0x0000000004656000 	/usr/lib/system/libkeymgr.dylib
0x0000000004656000 	/usr/lib/system/liblaunch.dylib
0x0000000004656000 	/usr/lib/system/libmacho.dylib
0x0000000004656000 	/usr/lib/system/libquarantine.dylib
0x0000000004656000 	/usr/lib/system/libremovefile.dylib
0x0000000004656000 	/usr/lib/system/libsystem_asl.dylib
0x0000000004656000 	/usr/lib/system/libsystem_blocks.dylib
0x0000000004656000 	/usr/lib/system/libsystem_c.dylib
0x0000000004656000 	/usr/lib/system/libsystem_configuration.dylib
0x0000000004656000 	/usr/lib/system/libsystem_coreservices.dylib
0x0000000004656000 	/usr/lib/system/libsystem_coretls.dylib
0x0000000004656000 	/usr/lib/system/libsystem_dnssd.dylib
0x0000000004656000 	/usr/lib/system/libsystem_info.dylib
0x0000000004656000 	/usr/lib/system/libsystem_kernel.dylib
0x0000000004656000 	/usr/lib/system/libsystem_m.dylib
0x0000000004656000 	/usr/lib/system/libsystem_malloc.dylib
0x0000000004656000 	/usr/lib/system/libsystem_network.dylib
0x0000000004656000 	/usr/lib/system/libsystem_networkextension.dylib
0x0000000004656000 	/usr/lib/system/libsystem_notify.dylib
0x0000000004656000 	/usr/lib/system/libsystem_platform.dylib
0x0000000004656000 	/usr/lib/system/libsystem_pthread.dylib
0x0000000004656000 	/usr/lib/system/libsystem_sandbox.dylib
0x0000000004656000 	/usr/lib/system/libsystem_secinit.dylib
0x0000000004656000 	/usr/lib/system/libsystem_stats.dylib
0x0000000004656000 	/usr/lib/system/libsystem_trace.dylib
0x0000000004656000 	/usr/lib/system/libunc.dylib
0x0000000004656000 	/usr/lib/system/libunwind.dylib
0x0000000004656000 	/usr/lib/system/libxpc.dylib
0x0000000004656000 	/usr/lib/libbz2.1.0.dylib
0x0000000004656000 	/usr/lib/liblzma.5.dylib
0x0000000004656000 	/usr/lib/libbsm.0.dylib
0x0000000004656000 	/usr/lib/libsqlite3.dylib
0x0000000004656000 	/usr/lib/system/libkxld.dylib
0x0000000004656000 	/usr/lib/libxar.1.dylib
0x0000000004656000 	/usr/lib/libpam.2.dylib
0x0000000004656000 	/usr/lib/libOpenScriptingUtil.dylib
0x0000000004656000 	/System/Library/Frameworks/CoreServices.framework/Versions/A/Frameworks/FSEvents.framework/Versions/A/FSEvents
0x0000000004656000 	/System/Library/Frameworks/CoreServices.framework/Versions/A/Frameworks/CarbonCore.framework/Versions/A/CarbonCore
0x0000000004656000 	/System/Library/Frameworks/CoreServices.framework/Versions/A/Frameworks/Metadata.framework/Versions/A/Metadata
0x0000000004656000 	/System/Library/Frameworks/CoreServices.framework/Versions/A/Frameworks/OSServices.framework/Versions/A/OSServices
0x0000000004656000 	/System/Library/Frameworks/CoreServices.framework/Versions/A/Frameworks/SearchKit.framework/Versions/A/SearchKit
0x0000000004656000 	/System/Library/Frameworks/CoreServices.framework/Versions/A/Frameworks/AE.framework/Versions/A/AE
0x0000000004656000 	/System/Library/Frameworks/CoreServices.framework/Versions/A/Frameworks/LaunchServices.framework/Versions/A/LaunchServices
0x0000000004656000 	/System/Library/Frameworks/CoreServices.framework/Versions/A/Frameworks/DictionaryServices.framework/Versions/A/DictionaryServices
0x0000000004656000 	/System/Library/Frameworks/NetFS.framework/Versions/A/NetFS
0x0000000004656000 	/System/Library/PrivateFrameworks/NetAuth.framework/Versions/A/NetAuth
0x0000000004656000 	/System/Library/PrivateFrameworks/login.framework/Versions/A/Frameworks/loginsupport.framework/Versions/A/loginsupport
0x0000000004656000 	/System/Library/PrivateFrameworks/TCC.framework/Versions/A/TCC
0x0000000004656000 	/usr/lib/libmecabra.dylib
0x0000000004656000 	/System/Library/Frameworks/ApplicationServices.framework/Versions/A/Frameworks/ATS.framework/Versions/A/ATS
0x0000000004656000 	/System/Library/Frameworks/ApplicationServices.framework/Versions/A/Frameworks/ColorSync.framework/Versions/A/ColorSync
0x0000000004656000 	/System/Library/Frameworks/ApplicationServices.framework/Versions/A/Frameworks/HIServices.framework/Versions/A/HIServices
0x0000000004656000 	/System/Library/Frameworks/ApplicationServices.framework/Versions/A/Frameworks/LangAnalysis.framework/Versions/A/LangAnalysis
0x0000000004656000 	/System/Library/Frameworks/ApplicationServices.framework/Versions/A/Frameworks/PrintCore.framework/Versions/A/PrintCore
0x0000000004656000 	/System/Library/Frameworks/ApplicationServices.framework/Versions/A/Frameworks/QD.framework/Versions/A/QD
0x0000000004656000 	/System/Library/Frameworks/ApplicationServices.framework/Versions/A/Frameworks/SpeechSynthesis.framework/Versions/A/SpeechSynthesis
0x0000000004656000 	/System/Library/Frameworks/Accelerate.framework/Versions/A/Accelerate
0x0000000004656000 	/System/Library/Frameworks/Accelerate.framework/Versions/A/Frameworks/vImage.framework/Versions/A/vImage
0x0000000004656000 	/System/Library/Frameworks/Accelerate.framework/Versions/A/Frameworks/vecLib.framework/Versions/A/vecLib
0x0000000004656000 	/System/Library/Frameworks/Accelerate.framework/Versions/A/Frameworks/vecLib.framework/Versions/A/libvDSP.dylib
0x0000000004656000 	/System/Library/Frameworks/Accelerate.framework/Versions/A/Frameworks/vecLib.framework/Versions/A/libvMisc.dylib
0x0000000004656000 	/System/Library/Frameworks/Accelerate.framework/Versions/A/Frameworks/vecLib.framework/Versions/A/libLAPACK.dylib
0x0000000004656000 	/System/Library/Frameworks/Accelerate.framework/Versions/A/Frameworks/vecLib.framework/Versions/A/libBLAS.dylib
0x0000000004656000 	/System/Library/Frameworks/Accelerate.framework/Versions/A/Frameworks/vecLib.framework/Versions/A/libLinearAlgebra.dylib
0x0000000004656000 	/System/Library/Frameworks/ApplicationServices.framework/Versions/A/Frameworks/ATS.framework/Versions/A/Resources/libFontParser.dylib
0x0000000004656000 	/System/Library/Frameworks/ApplicationServices.framework/Versions/A/Frameworks/ATS.framework/Versions/A/Resources/libFontRegistry.dylib
0x0000000004656000 	/System/Library/PrivateFrameworks/AppleVPA.framework/Versions/A/AppleVPA
0x0000000004656000 	/System/Library/PrivateFrameworks/AppleJPEG.framework/Versions/A/AppleJPEG
0x0000000004656000 	/System/Library/Frameworks/ImageIO.framework/Versions/A/Resources/libJPEG.dylib
0x0000000004656000 	/System/Library/Frameworks/ImageIO.framework/Versions/A/Resources/libTIFF.dylib
0x0000000004656000 	/System/Library/Frameworks/ImageIO.framework/Versions/A/Resources/libPng.dylib
0x0000000004656000 	/System/Library/Frameworks/ImageIO.framework/Versions/A/Resources/libGIF.dylib
0x0000000004656000 	/System/Library/Frameworks/ImageIO.framework/Versions/A/Resources/libJP2.dylib
0x0000000004656000 	/System/Library/Frameworks/ImageIO.framework/Versions/A/Resources/libRadiance.dylib
0x0000000004656000 	/System/Library/Frameworks/CoreVideo.framework/Versions/A/CoreVideo
0x0000000004656000 	/System/Library/Frameworks/OpenGL.framework/Versions/A/Libraries/libGLU.dylib
0x0000000004656000 	/System/Library/Frameworks/OpenGL.framework/Versions/A/Libraries/libGFXShared.dylib
0x0000000004656000 	/System/Library/Frameworks/OpenGL.framework/Versions/A/Libraries/libGL.dylib
0x0000000004656000 	/System/Library/Frameworks/OpenGL.framework/Versions/A/Libraries/libGLImage.dylib
0x0000000004656000 	/System/Library/Frameworks/OpenGL.framework/Versions/A/Libraries/libCVMSPluginSupport.dylib
0x0000000004656000 	/System/Library/Frameworks/OpenGL.framework/Versions/A/Libraries/libCoreVMClient.dylib
0x0000000004656000 	/usr/lib/libcups.2.dylib
0x0000000004656000 	/System/Library/Frameworks/Kerberos.framework/Versions/A/Kerberos
0x0000000004656000 	/System/Library/Frameworks/GSS.framework/Versions/A/GSS
0x0000000004656000 	/usr/lib/libresolv.9.dylib
0x0000000004656000 	/usr/lib/libiconv.2.dylib
0x0000000004656000 	/System/Library/PrivateFrameworks/Heimdal.framework/Versions/A/Heimdal
0x0000000004656000 	/usr/lib/libheimdal-asn1.dylib
0x0000000004656000 	/System/Library/Frameworks/OpenDirectory.framework/Versions/A/OpenDirectory
0x0000000004656000 	/System/Library/PrivateFrameworks/CommonAuth.framework/Versions/A/CommonAuth
0x0000000004656000 	/System/Library/Frameworks/OpenDirectory.framework/Versions/A/Frameworks/CFOpenDirectory.framework/Versions/A/CFOpenDirectory
0x0000000004656000 	/System/Library/Frameworks/SecurityFoundation.framework/Versions/A/SecurityFoundation
0x0000000004656000 	/System/Library/PrivateFrameworks/LanguageModeling.framework/Versions/A/LanguageModeling
0x0000000004656000 	/usr/lib/libcmph.dylib
0x0000000004656000 	/System/Library/Frameworks/ServiceManagement.framework/Versions/A/ServiceManagement
0x0000000004656000 	/usr/lib/libxslt.1.dylib
0x0000000004656000 	/System/Library/Frameworks/Carbon.framework/Versions/A/Frameworks/Ink.framework/Versions/A/Ink
0x0000000004656000 	/System/Library/Frameworks/QuartzCore.framework/Versions/A/Frameworks/CoreImage.framework/Versions/A/CoreImage
0x0000000004656000 	/System/Library/PrivateFrameworks/CrashReporterSupport.framework/Versions/A/CrashReporterSupport
0x0000000004656000 	/System/Library/Frameworks/OpenCL.framework/Versions/A/OpenCL
0x0000000004656000 	/System/Library/PrivateFrameworks/FaceCore.framework/Versions/A/FaceCore
0x0000000004656000 	/System/Library/PrivateFrameworks/Ubiquity.framework/Versions/A/Ubiquity
0x0000000004656000 	/System/Library/PrivateFrameworks/IconServices.framework/Versions/A/IconServices
0x0000000004656000 	/System/Library/PrivateFrameworks/ChunkingLibrary.framework/Versions/A/ChunkingLibrary
0x0000000004656000 	/System/Library/PrivateFrameworks/Apple80211.framework/Versions/A/Apple80211
0x0000000004656000 	/System/Library/Frameworks/CoreWLAN.framework/Versions/A/CoreWLAN
0x0000000004656000 	/System/Library/Frameworks/IOBluetooth.framework/Versions/A/IOBluetooth
0x0000000004656000 	/System/Library/PrivateFrameworks/CoreWiFi.framework/Versions/A/CoreWiFi
0x0000000004656000 	/System/Library/Frameworks/CoreBluetooth.framework/Versions/A/CoreBluetooth
0x0000000004656000 	/System/Library/PrivateFrameworks/DebugSymbols.framework/Versions/A/DebugSymbols
0x0000000004656000 	/System/Library/PrivateFrameworks/CoreSymbolication.framework/Versions/A/CoreSymbolication
0x0000000004656000 	/System/Library/PrivateFrameworks/Symbolication.framework/Versions/A/Symbolication
0x0000000004656000 	/System/Library/PrivateFrameworks/SpeechRecognitionCore.framework/Versions/A/SpeechRecognitionCore
0x000000010d9a8000 	/Library/Java/JavaVirtualMachines/jdk1.8.0_121.jdk/Contents/Home/jre/lib/server/libjvm.dylib
0x0000000004656000 	/usr/lib/libstdc++.6.dylib
0x000000010ea4d000 	/Library/Java/JavaVirtualMachines/jdk1.8.0_121.jdk/Contents/Home/jre/lib/libverify.dylib
0x000000010ea5b000 	/Library/Java/JavaVirtualMachines/jdk1.8.0_121.jdk/Contents/Home/jre/lib/libjava.dylib
0x000000010ea91000 	/Library/Java/JavaVirtualMachines/jdk1.8.0_121.jdk/Contents/Home/jre/lib/libinstrument.dylib
0x000000010eaef000 	/Library/Java/JavaVirtualMachines/jdk1.8.0_121.jdk/Contents/Home/jre/lib/libzip.dylib
0x0000000125365000 	/System/Library/Frameworks/JavaVM.framework/Frameworks/JavaRuntimeSupport.framework/JavaRuntimeSupport
0x000000012537b000 	/System/Library/Frameworks/JavaVM.framework/Versions/A/Frameworks/JavaNativeFoundation.framework/Versions/A/JavaNativeFoundation
0x000000012538f000 	/System/Library/Frameworks/JavaVM.framework/Versions/A/JavaVM
0x0000000004656000 	/System/Library/Frameworks/Carbon.framework/Versions/A/Carbon
0x000000012539b000 	/System/Library/PrivateFrameworks/JavaLaunching.framework/Versions/A/JavaLaunching
0x0000000004656000 	/System/Library/Frameworks/Carbon.framework/Versions/A/Frameworks/CommonPanels.framework/Versions/A/CommonPanels
0x0000000004656000 	/System/Library/Frameworks/Carbon.framework/Versions/A/Frameworks/Help.framework/Versions/A/Help
0x0000000004656000 	/System/Library/Frameworks/Carbon.framework/Versions/A/Frameworks/ImageCapture.framework/Versions/A/ImageCapture
0x0000000004656000 	/System/Library/Frameworks/Carbon.framework/Versions/A/Frameworks/OpenScripting.framework/Versions/A/OpenScripting
0x0000000004656000 	/System/Library/Frameworks/Carbon.framework/Versions/A/Frameworks/Print.framework/Versions/A/Print
0x0000000004656000 	/System/Library/Frameworks/Carbon.framework/Versions/A/Frameworks/SecurityHI.framework/Versions/A/SecurityHI
0x00000001270aa000 	/Library/Java/JavaVirtualMachines/jdk1.8.0_121.jdk/Contents/Home/jre/lib/libnet.dylib
0x0000000127515000 	/Library/Java/JavaVirtualMachines/jdk1.8.0_121.jdk/Contents/Home/jre/lib/libawt.dylib
0x00000001275bd000 	/Library/Java/JavaVirtualMachines/jdk1.8.0_121.jdk/Contents/Home/jre/lib/./libmlib_image.dylib
0x0000000127689000 	/Library/Java/JavaVirtualMachines/jdk1.8.0_121.jdk/Contents/Home/jre/lib/libawt_lwawt.dylib
0x0000000127740000 	/Library/Java/JavaVirtualMachines/jdk1.8.0_121.jdk/Contents/Home/jre/lib/./libosxapp.dylib
0x0000000004656000 	/System/Library/Frameworks/ExceptionHandling.framework/Versions/A/ExceptionHandling
0x0000000004656000 	/System/Library/PrivateFrameworks/CoreServicesInternal.framework/Versions/A/CoreServicesInternal
0x0000000004656000 	/System/Library/PrivateFrameworks/CloudDocs.framework/Versions/A/CloudDocs
0x0000000004656000 	/System/Library/PrivateFrameworks/CoreDuet.framework/Versions/A/CoreDuet
0x0000000004656000 	/System/Library/Frameworks/CloudKit.framework/Versions/A/CloudKit
0x0000000004656000 	/System/Library/PrivateFrameworks/ProtocolBuffer.framework/Versions/A/ProtocolBuffer
0x0000000004656000 	/System/Library/PrivateFrameworks/CoreDuetDaemonProtocol.framework/Versions/A/CoreDuetDaemonProtocol
0x0000000004656000 	/System/Library/PrivateFrameworks/CoreDuetDebugLogging.framework/Versions/A/CoreDuetDebugLogging
0x0000000004656000 	/System/Library/PrivateFrameworks/MMCS.framework/Versions/A/MMCS
0x0000000004656000 	/System/Library/Frameworks/CoreLocation.framework/Versions/A/CoreLocation
0x0000000004656000 	/System/Library/PrivateFrameworks/ProtectedCloudStorage.framework/Versions/A/ProtectedCloudStorage
0x0000000004656000 	/System/Library/PrivateFrameworks/GeoServices.framework/Versions/A/GeoServices
0x0000000004656000 	/System/Library/Frameworks/CoreGraphics.framework/Versions/A/Resources/libCGCMS.A.dylib
0x0000000004656000 	/System/Library/Frameworks/CoreGraphics.framework/Versions/A/Resources/libRIP.A.dylib
0x0000000004656000 	/System/Library/Frameworks/CoreGraphics.framework/Versions/A/Resources/libCGXType.A.dylib
0x0000000004656000 	/System/Library/Frameworks/OpenCL.framework/Versions/A/Libraries/libcldcpuengine.dylib
0x0000000004656000 	/System/Library/PrivateFrameworks/DiskImages.framework/Versions/A/DiskImages
0x0000000004656000 	/System/Library/Frameworks/DiscRecording.framework/Versions/A/DiscRecording
0x0000000004656000 	/usr/lib/libcsfde.dylib
0x0000000004656000 	/usr/lib/libcurl.4.dylib
0x0000000004656000 	/System/Library/PrivateFrameworks/MediaKit.framework/Versions/A/MediaKit
0x0000000004656000 	/usr/lib/libCoreStorage.dylib
0x0000000004656000 	/System/Library/PrivateFrameworks/EFILogin.framework/Versions/A/EFILogin
0x0000000004656000 	/usr/lib/libutil.dylib
0x0000000004656000 	/System/Library/PrivateFrameworks/FindMyDevice.framework/Versions/A/FindMyDevice
0x0000000004656000 	/System/Library/Frameworks/LDAP.framework/Versions/A/LDAP
0x0000000004656000 	/usr/lib/libsasl2.2.dylib
0x0000000004656000 	/System/Library/PrivateFrameworks/CoreDaemon.framework/Versions/B/CoreDaemon
0x0000000004656000 	/usr/lib/libcrypto.0.9.8.dylib
0x0000000004656000 	/System/Library/PrivateFrameworks/AppleSRP.framework/Versions/A/AppleSRP
0x0000000004656000 	/System/Library/PrivateFrameworks/TrustEvaluationAgent.framework/Versions/A/TrustEvaluationAgent
0x0000000127b48000 	cl_kernels
0x000000012aa96000 	/System/Library/Frameworks/OpenCL.framework/Versions/A/Libraries/ImageFormats/unorm8_bgra.dylib
0x0000000127b3a000 	cl_kernels
0x0000000004656000 	/System/Library/PrivateFrameworks/FamilyControls.framework/Versions/A/FamilyControls
0x0000000004656000 	/System/Library/PrivateFrameworks/CommerceKit.framework/Versions/A/Frameworks/CommerceCore.framework/Versions/A/CommerceCore
0x0000000004656000 	/System/Library/PrivateFrameworks/SystemAdministration.framework/Versions/A/SystemAdministration
0x0000000004656000 	/System/Library/PrivateFrameworks/AppContainer.framework/Versions/A/AppContainer
0x0000000004656000 	/System/Library/PrivateFrameworks/SecCodeWrapper.framework/Versions/A/SecCodeWrapper
0x0000000004656000 	/System/Library/Frameworks/DirectoryService.framework/Versions/A/DirectoryService
0x0000000004656000 	/System/Library/PrivateFrameworks/LoginUIKit.framework/Versions/A/Frameworks/LoginUICore.framework/Versions/A/LoginUICore
0x0000000004656000 	/usr/lib/libodfde.dylib
0x000000012bd1a000 	/Library/Java/opencv-3.1.0/build/lib/libopencv_java310.so
0x000000012bdf8000 	/Library/Java/opencv-3.1.0/build/lib/libopencv_photo.3.1.dylib
0x000000012bedc000 	/Library/Java/opencv-3.1.0/build/lib/libopencv_video.3.1.dylib
0x000000012bf48000 	/Library/Java/opencv-3.1.0/build/lib/libopencv_bioinspired.3.1.dylib
0x0000000129f21000 	/Library/Java/opencv-3.1.0/build/lib/libopencv_face.3.1.dylib
0x000000012bf86000 	/Library/Java/opencv-3.1.0/build/lib/libopencv_calib3d.3.1.dylib
0x000000012c141000 	/Library/Java/opencv-3.1.0/build/lib/libopencv_objdetect.3.1.dylib
0x000000012c1b2000 	/Library/Java/opencv-3.1.0/build/lib/libopencv_features2d.3.1.dylib
0x000000012c271000 	/Library/Java/opencv-3.1.0/build/lib/libopencv_flann.3.1.dylib
0x000000012c2db000 	/Library/Java/opencv-3.1.0/build/lib/libopencv_ml.3.1.dylib
0x0000000129f43000 	/Library/Java/opencv-3.1.0/build/lib/libopencv_highgui.3.1.dylib
0x000000012c395000 	/Library/Java/opencv-3.1.0/build/lib/libopencv_videoio.3.1.dylib
0x000000012c3c0000 	/Library/Java/opencv-3.1.0/build/lib/libopencv_imgcodecs.3.1.dylib
0x000000012c666000 	/Library/Java/opencv-3.1.0/build/lib/libopencv_imgproc.3.1.dylib
0x000000012d95a000 	/Library/Java/opencv-3.1.0/build/lib/libopencv_core.3.1.dylib
0x000000012e21a000 	/usr/local/opt/ffmpeg/lib/libavcodec.57.dylib
0x000000012f525000 	/usr/local/opt/ffmpeg/lib/libavformat.57.dylib
0x000000012f6e1000 	/usr/local/opt/ffmpeg/lib/libavutil.55.dylib
0x000000012f74b000 	/usr/local/opt/ffmpeg/lib/libswscale.4.dylib
0x000000012f7cb000 	/usr/local/opt/ffmpeg/lib/libavresample.3.dylib
0x0000000127b53000 	/System/Library/Frameworks/VideoDecodeAcceleration.framework/Versions/A/VideoDecodeAcceleration
0x0000000004656000 	/System/Library/Frameworks/QTKit.framework/Versions/A/QTKit
0x000000012f7ec000 	/usr/local/Cellar/ffmpeg/3.4/lib/libswresample.2.dylib
0x0000000004656000 	/System/Library/Frameworks/CoreMedia.framework/Versions/A/CoreMedia
0x0000000004656000 	/System/Library/Frameworks/VideoToolbox.framework/Versions/A/VideoToolbox
0x000000012f80b000 	/usr/local/opt/x264/lib/libx264.148.dylib
0x000000012f97d000 	/usr/local/opt/lame/lib/libmp3lame.0.dylib
0x0000000004656000 	/System/Library/Frameworks/AVFoundation.framework/Versions/A/AVFoundation
0x0000000004656000 	/System/Library/PrivateFrameworks/AppleVA.framework/Versions/A/AppleVA
0x0000000004656000 	/System/Library/Frameworks/AVFoundation.framework/Versions/A/Resources/libAVFAudio.dylib
0x0000000004656000 	/System/Library/Frameworks/MediaToolbox.framework/Versions/A/MediaToolbox
0x0000000004656000 	/System/Library/Frameworks/CoreMediaIO.framework/Versions/A/CoreMediaIO
0x0000000004656000 	/System/Library/PrivateFrameworks/MediaControlSender.framework/Versions/A/MediaControlSender
0x0000000004656000 	/System/Library/PrivateFrameworks/CoreAVCHD.framework/Versions/A/CoreAVCHD
0x0000000004656000 	/System/Library/Frameworks/MediaAccessibility.framework/Versions/A/MediaAccessibility
0x0000000004656000 	/System/Library/PrivateFrameworks/Mangrove.framework/Versions/A/Mangrove
0x0000000004656000 	/System/Library/PrivateFrameworks/CoreAUC.framework/Versions/A/CoreAUC
0x0000000004656000 	/System/Library/PrivateFrameworks/NetworkStatistics.framework/Versions/A/NetworkStatistics
0x0000000004656000 	/System/Library/PrivateFrameworks/AirPlaySupport.framework/Versions/A/AirPlaySupport
0x0000000004656000 	/System/Library/PrivateFrameworks/CoreUtils.framework/Versions/A/CoreUtils
0x0000000004656000 	/System/Library/PrivateFrameworks/XPCService.framework/Versions/A/XPCService
0x0000000004656000 	/System/Library/PrivateFrameworks/AppSandbox.framework/Versions/A/AppSandbox
0x0000000004656000 	/usr/lib/libsandbox.1.dylib
0x0000000004656000 	/usr/lib/libMatch.1.dylib
0x0000000004656000 	/System/Library/PrivateFrameworks/CoreMediaAuthoring.framework/Versions/A/CoreMediaAuthoring
0x0000000004656000 	/System/Library/Frameworks/OpenGL.framework/Versions/A/Resources/GLEngine.bundle/GLEngine
0x0000000004656000 	/System/Library/Frameworks/OpenGL.framework/Versions/A/Libraries/libGLProgrammability.dylib
0x000000012faee000 	/System/Library/Extensions/AppleIntelHD5000GraphicsGLDriver.bundle/Contents/MacOS/AppleIntelHD5000GraphicsGLDriver
0x0000000004656000 	/System/Library/PrivateFrameworks/IOAccelerator.framework/Versions/A/IOAccelerator
0x0000000004656000 	/System/Library/PrivateFrameworks/GPUSupport.framework/Versions/A/Libraries/libGPUSupportMercury.dylib
0x0000000004656000 	/System/Library/Frameworks/OpenGL.framework/Versions/A/Resources/GLRendererFloat.bundle/GLRendererFloat
0x0000000130b82000 	/Library/Java/JavaVirtualMachines/jdk1.8.0_121.jdk/Contents/Home/jre/lib/libfontmanager.dylib
0x0000000130be9000 	/Library/Java/JavaVirtualMachines/jdk1.8.0_121.jdk/Contents/Home/jre/lib/libosxui.dylib
0x00000001340db000 	/Library/Java/JavaVirtualMachines/jdk1.8.0_121.jdk/Contents/Home/jre/lib/libnio.dylib
0x0000000004656000 	/System/Library/Frameworks/ApplicationServices.framework/Versions/A/Frameworks/ATS.framework/Versions/A/Resources/libTrueTypeScaler.dylib
0x000000017f7bd000 	/System/Library/Extensions/AppleHDA.kext/Contents/PlugIns/AppleHDAHALPlugIn.bundle/Contents/MacOS/AppleHDAHALPlugIn
0x000000017f7c6000 	/Library/CoreMediaIO/Plug-Ins/DAL/AppleCamera.plugin/Contents/MacOS/AppleCamera
0x000000017f7f0000 	/System/Library/Frameworks/CoreMediaIO.framework/Resources/CMIOUnits.bundle/Contents/MacOS/CMIOUnits
0x000000017f97c000 	/System/Library/PrivateFrameworks/FWAVC.framework/Versions/A/FWAVC
0x000000018000c000 	/System/Library/PrivateFrameworks/AppleGVA.framework/AppleGVA
0x00000001835e8000 	/Library/Java/JavaVirtualMachines/jdk1.8.0_121.jdk/Contents/Home/jre/lib/libdcpr.dylib

VM Arguments:
jvm_args: -Djava.library.path=/Library/Java/opencv-3.1.0/build/lib -Djava.library.path=/Library/Java/opencv-3.1.0/build/lib -javaagent:/Applications/IntelliJ IDEA.app/Contents/lib/idea_rt.jar=51811:/Applications/IntelliJ IDEA.app/Contents/bin -Dfile.encoding=UTF-8 
java_command: org.opencv.demo.gui.swing.OpenCvDemo
java_class_path (initial): /Library/Java/JavaVirtualMachines/jdk1.8.0_121.jdk/Contents/Home/jre/lib/charsets.jar:/Library/Java/JavaVirtualMachines/jdk1.8.0_121.jdk/Contents/Home/jre/lib/deploy.jar:/Library/Java/JavaVirtualMachines/jdk1.8.0_121.jdk/Contents/Home/jre/lib/ext/cldrdata.jar:/Library/Java/JavaVirtualMachines/jdk1.8.0_121.jdk/Contents/Home/jre/lib/ext/dnsns.jar:/Library/Java/JavaVirtualMachines/jdk1.8.0_121.jdk/Contents/Home/jre/lib/ext/jaccess.jar:/Library/Java/JavaVirtualMachines/jdk1.8.0_121.jdk/Contents/Home/jre/lib/ext/jfxrt.jar:/Library/Java/JavaVirtualMachines/jdk1.8.0_121.jdk/Contents/Home/jre/lib/ext/localedata.jar:/Library/Java/JavaVirtualMachines/jdk1.8.0_121.jdk/Contents/Home/jre/lib/ext/nashorn.jar:/Library/Java/JavaVirtualMachines/jdk1.8.0_121.jdk/Contents/Home/jre/lib/ext/sunec.jar:/Library/Java/JavaVirtualMachines/jdk1.8.0_121.jdk/Contents/Home/jre/lib/ext/sunjce_provider.jar:/Library/Java/JavaVirtualMachines/jdk1.8.0_121.jdk/Contents/Home/jre/lib/ext/sunpkcs11.jar:/Library/Java/JavaVirtualMachines/jdk1.8.0_121.jdk/Contents/Home/jre/lib/ext/zipfs.jar:/Library/Java/JavaVirtualMachines/jdk1.8.0_121.jdk/Contents/Home/jre/lib/javaws.jar:/Library/Java/JavaVirtualMachines/jdk1.8.0_121.jdk/Contents/Home/jre/lib/jce.jar:/Library/Java/JavaVirtualMachines/jdk1.8.0_121.jdk/Contents/Home/jre/lib/jfr.jar:/Library/Java/JavaVirtualMachines/jdk1.8.0_121.jdk/Contents/Home/jre/lib/jfxswt.jar:/Library/Java/JavaVirtualMachines/jdk1.8.0_121.jdk/Contents/Home/jre/lib/jsse.jar:/Library/Java/JavaVirtualMachines/jdk1.8.0_121.jdk/Contents/Home/jre/lib/management-agent.jar:/Library/Java/JavaVirtualMachines/jdk1.8.0_121.jdk/Contents/Home/jre/lib/plugin.jar:/Library/Java/JavaVirtualMachines/jdk1.8.0_121.jdk/Contents/Home/jre/lib/resources.jar:/Library/Java/JavaVirtualMachines/jdk1.8.0_121.jdk/Contents/Home/jre/lib/rt.jar:/Library/Java/JavaVirtualMachines/jdk1.8.0_121.jdk/Contents/Home/lib/ant-javafx.jar:/Library/Java/JavaVirtualMachines/jdk1.8.0_121.jdk/Contents/Home
Launcher Type: SUN_STANDARD

Environment Variables:
PATH=/Library/Frameworks/Python.framework/Versions/3.6/bin:/Library/hadoop-2.7.3/bin:/Library/hadoop-2.7.3/sbin:/Library/Java/apache-maven-3.3.9/bin:/bin:/jre/bin:/usr/local/mysql/bin:/Library/Java/tomcat/apache-tomcat-8.5.13/bin:/Library/Java/gradle-4.2/bin://Library/Java/apache-ant-1.10.1/BIN:/usr/local/bin:/usr/bin:/bin:/usr/sbin:/sbin
SHELL=/bin/bash

Signal Handlers:
SIGSEGV: [libjvm.dylib+0x5b1141], sa_mask[0]=11111111011111110111111111111111, sa_flags=SA_ONSTACK|SA_RESTART|SA_SIGINFO
SIGBUS: [libjvm.dylib+0x5b1141], sa_mask[0]=11111111011111110111111111111111, sa_flags=SA_RESTART|SA_SIGINFO
SIGFPE: [libjvm.dylib+0x487bc4], sa_mask[0]=11111111011111110111111111111111, sa_flags=SA_RESTART|SA_SIGINFO
SIGPIPE: [libjvm.dylib+0x487bc4], sa_mask[0]=11111111011111110111111111111111, sa_flags=SA_RESTART|SA_SIGINFO
SIGXFSZ: [libjvm.dylib+0x487bc4], sa_mask[0]=11111111011111110111111111111111, sa_flags=SA_RESTART|SA_SIGINFO
SIGILL: [libjvm.dylib+0x487bc4], sa_mask[0]=11111111011111110111111111111111, sa_flags=SA_RESTART|SA_SIGINFO
SIGUSR1: SIG_DFL, sa_mask[0]=00000000000000000000000000000000, sa_flags=none
SIGUSR2: [libjvm.dylib+0x4876e2], sa_mask[0]=00100000000000000000000000000000, sa_flags=SA_RESTART|SA_SIGINFO
SIGHUP: [libjvm.dylib+0x485cb9], sa_mask[0]=11111111011111110111111111111111, sa_flags=SA_RESTART|SA_SIGINFO
SIGINT: [libjvm.dylib+0x485cb9], sa_mask[0]=11111111011111110111111111111111, sa_flags=SA_RESTART|SA_SIGINFO
SIGTERM: [libjvm.dylib+0x485cb9], sa_mask[0]=11111111011111110111111111111111, sa_flags=SA_RESTART|SA_SIGINFO
SIGQUIT: [libjvm.dylib+0x485cb9], sa_mask[0]=11111111011111110111111111111111, sa_flags=SA_RESTART|SA_SIGINFO


---------------  S Y S T E M  ---------------

OS:Bsduname:Darwin 14.5.0 Darwin Kernel Version 14.5.0: Wed Jul 29 02:26:53 PDT 2015; root:xnu-2782.40.9~1/RELEASE_X86_64 x86_64
rlimit: STACK 8192k, CORE 0k, NPROC 709, NOFILE 10240, AS infinity
load average:2.74 2.41 2.31

CPU:total 4 (2 cores per cpu, 2 threads per core) family 6 model 69 stepping 1, cmov, cx8, fxsr, mmx, sse, sse2, sse3, ssse3, sse4.1, sse4.2, popcnt, avx, avx2, aes, clmul, erms, lzcnt, ht, tsc, tscinvbit, bmi1, bmi2

Memory: 4k page, physical 8388608k(39760k free)

/proc/meminfo:


vm_info: Java HotSpot(TM) 64-Bit Server VM (25.121-b13) for bsd-amd64 JRE (1.8.0_121-b13), built on Dec 12 2016 20:39:32 by "java_re" with gcc 4.2.1 (Based on Apple Inc. build 5658) (LLVM build 2336.11.00)

time: Mon Oct 30 11:49:26 2017
elapsed time: 55 seconds (0d 0h 0m 55s)

